#
# There is insufficient memory for the Java Runtime Environment to continue.
# Native memory allocation (mmap) failed to map 9175040 bytes for G1 virtual space
# Possible reasons:
#   The system is out of physical RAM or swap space
#   The process is running with CompressedOops enabled, and the Java Heap may be blocking the growth of the native heap
# Possible solutions:
#   Reduce memory load on the system
#   Increase physical memory or swap space
#   Check if swap backing store is full
#   Decrease Java heap size (-Xmx/-Xms)
#   Decrease number of Java threads
#   Decrease Java thread stack sizes (-Xss)
#   Set larger code cache with -XX:ReservedCodeCacheSize=
#   JVM is running with Zero Based Compressed Oops mode in which the Java heap is
#     placed in the first 32GB address space. The Java Heap base address is the
#     maximum limit for the native heap growth. Please use -XX:HeapBaseMinAddress
#     to set the Java Heap base and to place the Java Heap above 32GB virtual address.
# This output file may be truncated or incomplete.
#
#  Out of Memory Error (os_windows.cpp:3527), pid=39816, tid=32268
#
# JRE version: Java(TM) SE Runtime Environment (19.0+36) (build 19+36-2238)
# Java VM: Java HotSpot(TM) 64-Bit Server VM (19+36-2238, mixed mode, sharing, tiered, compressed oops, compressed class ptrs, g1 gc, windows-amd64)
# No core dump will be written. Minidumps are not enabled by default on client versions of Windows
#

---------------  S U M M A R Y ------------

Command Line: Start Grundy2RecPerdEtGagn

Host: AMD Ryzen 5 5500U with Radeon Graphics         , 12 cores, 13G,  Windows 11 , 64 bit Build 22000 (10.0.22000.708)
Time: Fri Jan 20 13:56:45 2023 Paris, Madrid elapsed time: 16.230893 seconds (0d 0h 0m 16s)

---------------  T H R E A D  ---------------

Current thread (0x000001cfff41c580):  VMThread "VM Thread" [stack: 0x000000b61d300000,0x000000b61d400000] [id=32268]

Stack: [0x000000b61d300000,0x000000b61d400000]
Native frames: (J=compiled Java code, j=interpreted, Vv=VM code, C=native code)
V  [jvm.dll+0x6ee8fa]
V  [jvm.dll+0x857a1e]
V  [jvm.dll+0x85940e]
V  [jvm.dll+0x859ac3]
V  [jvm.dll+0x28291f]
V  [jvm.dll+0x6eb6e9]
V  [jvm.dll+0x6e028a]
V  [jvm.dll+0x357136]
V  [jvm.dll+0x35eb96]
V  [jvm.dll+0x3b5573]
V  [jvm.dll+0x3b578f]
V  [jvm.dll+0x32c6ea]
V  [jvm.dll+0x32c797]
V  [jvm.dll+0x374b52]
V  [jvm.dll+0x37328f]
V  [jvm.dll+0x32bf10]
V  [jvm.dll+0x37282b]
V  [jvm.dll+0x85ef83]
V  [jvm.dll+0x85fd49]
V  [jvm.dll+0x86027d]
V  [jvm.dll+0x86070b]
V  [jvm.dll+0x8607c7]
V  [jvm.dll+0x8015fa]
V  [jvm.dll+0x6ed5eb]
C  [ucrtbase.dll+0x26c0c]
C  [KERNEL32.DLL+0x154e0]
C  [ntdll.dll+0x485b]

VM_Operation (0x000000b61cdfe5a0): G1CollectForAllocation, mode: safepoint, requested by thread 0x000001cffccf18b0


---------------  P R O C E S S  ---------------

Threads class SMR info:
_java_thread_list=0x000001cfa4bbbff0, length=12, elements={
0x000001cffccf18b0, 0x000001cfff437830, 0x000001cfff438160, 0x000001cfff438dd0,
0x000001cfff43d720, 0x000001cfff440200, 0x000001cfff440cd0, 0x000001cfff446ce0,
0x000001cfff44f8e0, 0x000001cfff4503f0, 0x000001cfa40fa1e0, 0x000001cfa40fe3c0
}

Java Threads: ( => current thread )
  0x000001cffccf18b0 JavaThread "main" [_thread_blocked, id=47384, stack(0x000000b61cd00000,0x000000b61ce00000)]
  0x000001cfff437830 JavaThread "Reference Handler" daemon [_thread_blocked, id=41752, stack(0x000000b61d400000,0x000000b61d500000)]
  0x000001cfff438160 JavaThread "Finalizer" daemon [_thread_blocked, id=45696, stack(0x000000b61d500000,0x000000b61d600000)]
  0x000001cfff438dd0 JavaThread "Signal Dispatcher" daemon [_thread_blocked, id=43652, stack(0x000000b61d600000,0x000000b61d700000)]
  0x000001cfff43d720 JavaThread "Attach Listener" daemon [_thread_blocked, id=44788, stack(0x000000b61d700000,0x000000b61d800000)]
  0x000001cfff440200 JavaThread "Service Thread" daemon [_thread_blocked, id=47888, stack(0x000000b61d800000,0x000000b61d900000)]
  0x000001cfff440cd0 JavaThread "Monitor Deflation Thread" daemon [_thread_blocked, id=9960, stack(0x000000b61d900000,0x000000b61da00000)]
  0x000001cfff446ce0 JavaThread "C2 CompilerThread0" daemon [_thread_blocked, id=32600, stack(0x000000b61da00000,0x000000b61db00000)]
  0x000001cfff44f8e0 JavaThread "C1 CompilerThread0" daemon [_thread_blocked, id=45692, stack(0x000000b61db00000,0x000000b61dc00000)]
  0x000001cfff4503f0 JavaThread "Sweeper thread" daemon [_thread_blocked, id=42128, stack(0x000000b61dc00000,0x000000b61dd00000)]
  0x000001cfa40fa1e0 JavaThread "Notification Thread" daemon [_thread_blocked, id=34300, stack(0x000000b61dd00000,0x000000b61de00000)]
  0x000001cfa40fe3c0 JavaThread "Common-Cleaner" daemon [_thread_blocked, id=39728, stack(0x000000b61df00000,0x000000b61e000000)]

Other Threads:
=>0x000001cfff41c580 VMThread "VM Thread" [stack: 0x000000b61d300000,0x000000b61d400000] [id=32268]
  0x000001cfa40faf40 WatcherThread "VM Periodic Task Thread" [stack: 0x000000b61de00000,0x000000b61df00000] [id=48072]
  0x000001cffcd57af0 WorkerThread "GC Thread#0" [stack: 0x000000b61ce00000,0x000000b61cf00000] [id=43416]
  0x000001cfa4915940 WorkerThread "GC Thread#1" [stack: 0x000000b61e200000,0x000000b61e300000] [id=13872]
  0x000001cfa46f0990 WorkerThread "GC Thread#2" [stack: 0x000000b61e300000,0x000000b61e400000] [id=41164]
  0x000001cfa46f0c60 WorkerThread "GC Thread#3" [stack: 0x000000b61e400000,0x000000b61e500000] [id=41488]
  0x000001cfa4121080 WorkerThread "GC Thread#4" [stack: 0x000000b61e500000,0x000000b61e600000] [id=22900]
  0x000001cfa4a6e400 WorkerThread "GC Thread#5" [stack: 0x000000b61e600000,0x000000b61e700000] [id=22204]
  0x000001cfa4a6e6d0 WorkerThread "GC Thread#6" [stack: 0x000000b61e700000,0x000000b61e800000] [id=41932]
  0x000001cfa4a6f4e0 WorkerThread "GC Thread#7" [stack: 0x000000b61e800000,0x000000b61e900000] [id=46788]
  0x000001cfa4a6f210 WorkerThread "GC Thread#8" [stack: 0x000000b61e900000,0x000000b61ea00000] [id=40260]
  0x000001cfa4a6d8c0 WorkerThread "GC Thread#9" [stack: 0x000000b61e100000,0x000000b61e200000] [id=12760]
  0x000001cffcd667e0 ConcurrentGCThread "G1 Main Marker" [stack: 0x000000b61cf00000,0x000000b61d000000] [id=19376]
  0x000001cffcd68520 WorkerThread "G1 Conc#0" [stack: 0x000000b61d000000,0x000000b61d100000] [id=44536]
  0x000001cfa4a6e9a0 WorkerThread "G1 Conc#1" [stack: 0x000000b61ea00000,0x000000b61eb00000] [id=47608]
  0x000001cfa4a6ec70 WorkerThread "G1 Conc#2" [stack: 0x000000b61eb00000,0x000000b61ec00000] [id=42180]
  0x000001cffcdbe1d0 ConcurrentGCThread "G1 Refine#0" [stack: 0x000000b61d100000,0x000000b61d200000] [id=20548]
  0x000001cfff2d6100 ConcurrentGCThread "G1 Service" [stack: 0x000000b61d200000,0x000000b61d300000] [id=47908]

Threads with active compile tasks:

VM state: at safepoint (normal execution)

VM Mutex/Monitor currently owned by a thread:  ([mutex/lock_event])
[0x000001cffcced620] Threads_lock - owner thread: 0x000001cfff41c580
[0x000001cffccec5d0] Heap_lock - owner thread: 0x000001cffccf18b0

Heap address: 0x0000000722600000, size: 3546 MB, Compressed Oops mode: Zero based, Oop shift amount: 3

CDS archive(s) mapped at: [0x0000000800000000-0x0000000800c40000-0x0000000800c40000), size 12845056, SharedBaseAddress: 0x0000000800000000, ArchiveRelocationMode: 0.
Compressed class space mapped at: 0x0000000801000000-0x0000000841000000, reserved size: 1073741824
Narrow klass base: 0x0000000800000000, Narrow klass shift: 0, Narrow klass range: 0x100000000

GC Precious Log:
 CardTable entry size: 512
 Card Set container configuration: InlinePtr #cards 4 size 8 Array Of Cards #cards 8 size 32 Howl #buckets 8 coarsen threshold 3686 Howl Bitmap #cards 512 size 80 coarsen threshold 460 Card regions per heap region 1 cards per card region 4096
 CPUs: 12 total, 12 available
 Memory: 14181M
 Large Page Support: Disabled
 NUMA Support: Disabled
 Compressed Oops: Enabled (Zero based)
 Heap Region Size: 2M
 Heap Min Capacity: 8M
 Heap Initial Capacity: 222M
 Heap Max Capacity: 3546M
 Pre-touch: Disabled
 Parallel Workers: 10
 Concurrent Workers: 3
 Concurrent Refinement Workers: 10
 Periodic GC: Disabled

Heap:
 garbage-first heap   total 765952K, used 484475K [0x0000000722600000, 0x0000000800000000)
  region size 2048K, 11 young (22528K), 11 survivors (22528K)
 Metaspace       used 412K, committed 640K, reserved 1114112K
  class space    used 20K, committed 128K, reserved 1048576K

Heap Regions: E=young(eden), S=young(survivor), O=old, HS=humongous(starts), HC=humongous(continues), CS=collection set, F=free, OA=open archive, CA=closed archive, TAMS=top-at-mark-start (previous, next)
|   0|0x0000000722600000, 0x0000000722800000, 0x0000000722800000|100%| O|  |TAMS 0x0000000722800000, 0x0000000722800000| Untracked 
|   1|0x0000000722800000, 0x0000000722a00000, 0x0000000722a00000|100%| O|  |TAMS 0x0000000722a00000, 0x0000000722a00000| Untracked 
|   2|0x0000000722a00000, 0x0000000722c00000, 0x0000000722c00000|100%| O|  |TAMS 0x0000000722c00000, 0x0000000722c00000| Untracked 
|   3|0x0000000722c00000, 0x0000000722e00000, 0x0000000722e00000|100%| O|  |TAMS 0x0000000722e00000, 0x0000000722e00000| Untracked 
|   4|0x0000000722e00000, 0x0000000723000000, 0x0000000723000000|100%| O|  |TAMS 0x0000000723000000, 0x0000000723000000| Untracked 
|   5|0x0000000723000000, 0x0000000723200000, 0x0000000723200000|100%| O|  |TAMS 0x0000000723200000, 0x0000000723200000| Untracked 
|   6|0x0000000723200000, 0x0000000723400000, 0x0000000723400000|100%| O|  |TAMS 0x0000000723400000, 0x0000000723400000| Untracked 
|   7|0x0000000723400000, 0x0000000723600000, 0x0000000723600000|100%| O|  |TAMS 0x0000000723600000, 0x0000000723600000| Untracked 
|   8|0x0000000723600000, 0x0000000723800000, 0x0000000723800000|100%| O|  |TAMS 0x0000000723800000, 0x0000000723800000| Untracked 
|   9|0x0000000723800000, 0x0000000723a00000, 0x0000000723a00000|100%| O|  |TAMS 0x0000000723a00000, 0x0000000723a00000| Untracked 
|  10|0x0000000723a00000, 0x0000000723c00000, 0x0000000723c00000|100%| O|  |TAMS 0x0000000723c00000, 0x0000000723c00000| Untracked 
|  11|0x0000000723c00000, 0x0000000723e00000, 0x0000000723e00000|100%| O|  |TAMS 0x0000000723e00000, 0x0000000723e00000| Untracked 
|  12|0x0000000723e00000, 0x0000000724000000, 0x0000000724000000|100%| O|  |TAMS 0x0000000724000000, 0x0000000724000000| Untracked 
|  13|0x0000000724000000, 0x0000000724200000, 0x0000000724200000|100%| O|  |TAMS 0x0000000724200000, 0x0000000724200000| Untracked 
|  14|0x0000000724200000, 0x0000000724400000, 0x0000000724400000|100%| O|  |TAMS 0x0000000724400000, 0x0000000724400000| Untracked 
|  15|0x0000000724400000, 0x0000000724600000, 0x0000000724600000|100%| O|  |TAMS 0x0000000724600000, 0x0000000724600000| Untracked 
|  16|0x0000000724600000, 0x0000000724800000, 0x0000000724800000|100%| O|  |TAMS 0x0000000724800000, 0x0000000724800000| Untracked 
|  17|0x0000000724800000, 0x0000000724a00000, 0x0000000724a00000|100%| O|  |TAMS 0x0000000724a00000, 0x0000000724a00000| Untracked 
|  18|0x0000000724a00000, 0x0000000724c00000, 0x0000000724c00000|100%| O|  |TAMS 0x0000000724c00000, 0x0000000724c00000| Untracked 
|  19|0x0000000724c00000, 0x0000000724e00000, 0x0000000724e00000|100%| O|  |TAMS 0x0000000724e00000, 0x0000000724e00000| Untracked 
|  20|0x0000000724e00000, 0x0000000725000000, 0x0000000725000000|100%| O|  |TAMS 0x0000000725000000, 0x0000000725000000| Untracked 
|  21|0x0000000725000000, 0x0000000725200000, 0x0000000725200000|100%| O|  |TAMS 0x0000000725200000, 0x0000000725200000| Untracked 
|  22|0x0000000725200000, 0x0000000725400000, 0x0000000725400000|100%| O|  |TAMS 0x0000000725400000, 0x0000000725400000| Untracked 
|  23|0x0000000725400000, 0x0000000725600000, 0x0000000725600000|100%| O|  |TAMS 0x0000000725600000, 0x0000000725600000| Untracked 
|  24|0x0000000725600000, 0x0000000725800000, 0x0000000725800000|100%| O|  |TAMS 0x0000000725800000, 0x0000000725800000| Untracked 
|  25|0x0000000725800000, 0x0000000725a00000, 0x0000000725a00000|100%| O|  |TAMS 0x0000000725a00000, 0x0000000725a00000| Untracked 
|  26|0x0000000725a00000, 0x0000000725c00000, 0x0000000725c00000|100%| O|  |TAMS 0x0000000725c00000, 0x0000000725c00000| Untracked 
|  27|0x0000000725c00000, 0x0000000725e00000, 0x0000000725e00000|100%| O|  |TAMS 0x0000000725e00000, 0x0000000725e00000| Untracked 
|  28|0x0000000725e00000, 0x0000000726000000, 0x0000000726000000|100%| O|  |TAMS 0x0000000726000000, 0x0000000726000000| Untracked 
|  29|0x0000000726000000, 0x0000000726200000, 0x0000000726200000|100%| O|  |TAMS 0x0000000726200000, 0x0000000726200000| Untracked 
|  30|0x0000000726200000, 0x0000000726400000, 0x0000000726400000|100%| O|  |TAMS 0x0000000726400000, 0x0000000726400000| Untracked 
|  31|0x0000000726400000, 0x0000000726600000, 0x0000000726600000|100%| O|  |TAMS 0x0000000726600000, 0x0000000726600000| Untracked 
|  32|0x0000000726600000, 0x0000000726800000, 0x0000000726800000|100%| O|  |TAMS 0x0000000726800000, 0x0000000726800000| Untracked 
|  33|0x0000000726800000, 0x0000000726a00000, 0x0000000726a00000|100%| O|  |TAMS 0x0000000726a00000, 0x0000000726a00000| Untracked 
|  34|0x0000000726a00000, 0x0000000726c00000, 0x0000000726c00000|100%| O|  |TAMS 0x0000000726c00000, 0x0000000726c00000| Untracked 
|  35|0x0000000726c00000, 0x0000000726e00000, 0x0000000726e00000|100%| O|  |TAMS 0x0000000726e00000, 0x0000000726e00000| Untracked 
|  36|0x0000000726e00000, 0x0000000727000000, 0x0000000727000000|100%| O|  |TAMS 0x0000000727000000, 0x0000000727000000| Untracked 
|  37|0x0000000727000000, 0x0000000727200000, 0x0000000727200000|100%| O|  |TAMS 0x0000000727200000, 0x0000000727200000| Untracked 
|  38|0x0000000727200000, 0x0000000727400000, 0x0000000727400000|100%| O|  |TAMS 0x0000000727400000, 0x0000000727400000| Untracked 
|  39|0x0000000727400000, 0x0000000727600000, 0x0000000727600000|100%| O|  |TAMS 0x0000000727600000, 0x0000000727600000| Untracked 
|  40|0x0000000727600000, 0x0000000727800000, 0x0000000727800000|100%| O|  |TAMS 0x0000000727800000, 0x0000000727800000| Untracked 
|  41|0x0000000727800000, 0x0000000727a00000, 0x0000000727a00000|100%| O|  |TAMS 0x0000000727a00000, 0x0000000727a00000| Untracked 
|  42|0x0000000727a00000, 0x0000000727c00000, 0x0000000727c00000|100%| O|  |TAMS 0x0000000727c00000, 0x0000000727c00000| Untracked 
|  43|0x0000000727c00000, 0x0000000727e00000, 0x0000000727e00000|100%| O|  |TAMS 0x0000000727e00000, 0x0000000727e00000| Untracked 
|  44|0x0000000727e00000, 0x0000000728000000, 0x0000000728000000|100%| O|  |TAMS 0x0000000728000000, 0x0000000728000000| Untracked 
|  45|0x0000000728000000, 0x0000000728200000, 0x0000000728200000|100%| O|  |TAMS 0x0000000728200000, 0x0000000728200000| Untracked 
|  46|0x0000000728200000, 0x0000000728400000, 0x0000000728400000|100%| O|  |TAMS 0x0000000728400000, 0x0000000728400000| Untracked 
|  47|0x0000000728400000, 0x0000000728600000, 0x0000000728600000|100%| O|  |TAMS 0x0000000728600000, 0x0000000728600000| Untracked 
|  48|0x0000000728600000, 0x0000000728800000, 0x0000000728800000|100%| O|  |TAMS 0x0000000728800000, 0x0000000728800000| Untracked 
|  49|0x0000000728800000, 0x0000000728a00000, 0x0000000728a00000|100%| O|  |TAMS 0x0000000728a00000, 0x0000000728a00000| Untracked 
|  50|0x0000000728a00000, 0x0000000728c00000, 0x0000000728c00000|100%| O|  |TAMS 0x0000000728c00000, 0x0000000728c00000| Untracked 
|  51|0x0000000728c00000, 0x0000000728e00000, 0x0000000728e00000|100%| O|  |TAMS 0x0000000728e00000, 0x0000000728e00000| Untracked 
|  52|0x0000000728e00000, 0x0000000729000000, 0x0000000729000000|100%| O|  |TAMS 0x0000000729000000, 0x0000000729000000| Untracked 
|  53|0x0000000729000000, 0x0000000729200000, 0x0000000729200000|100%| O|  |TAMS 0x0000000729200000, 0x0000000729200000| Untracked 
|  54|0x0000000729200000, 0x0000000729400000, 0x0000000729400000|100%| O|  |TAMS 0x0000000729400000, 0x0000000729400000| Untracked 
|  55|0x0000000729400000, 0x0000000729600000, 0x0000000729600000|100%| O|  |TAMS 0x0000000729600000, 0x0000000729600000| Untracked 
|  56|0x0000000729600000, 0x0000000729800000, 0x0000000729800000|100%| O|  |TAMS 0x0000000729800000, 0x0000000729800000| Untracked 
|  57|0x0000000729800000, 0x0000000729a00000, 0x0000000729a00000|100%| O|  |TAMS 0x0000000729a00000, 0x0000000729a00000| Untracked 
|  58|0x0000000729a00000, 0x0000000729c00000, 0x0000000729c00000|100%| O|  |TAMS 0x0000000729c00000, 0x0000000729c00000| Untracked 
|  59|0x0000000729c00000, 0x0000000729e00000, 0x0000000729e00000|100%| O|  |TAMS 0x0000000729e00000, 0x0000000729e00000| Untracked 
|  60|0x0000000729e00000, 0x000000072a000000, 0x000000072a000000|100%| O|  |TAMS 0x000000072a000000, 0x000000072a000000| Untracked 
|  61|0x000000072a000000, 0x000000072a200000, 0x000000072a200000|100%| O|  |TAMS 0x000000072a200000, 0x000000072a200000| Untracked 
|  62|0x000000072a200000, 0x000000072a400000, 0x000000072a400000|100%| O|  |TAMS 0x000000072a200000, 0x000000072a200000| Untracked 
|  63|0x000000072a400000, 0x000000072a600000, 0x000000072a600000|100%| O|  |TAMS 0x000000072a600000, 0x000000072a600000| Untracked 
|  64|0x000000072a600000, 0x000000072a800000, 0x000000072a800000|100%| O|  |TAMS 0x000000072a800000, 0x000000072a800000| Untracked 
|  65|0x000000072a800000, 0x000000072aa00000, 0x000000072aa00000|100%| O|  |TAMS 0x000000072aa00000, 0x000000072aa00000| Untracked 
|  66|0x000000072aa00000, 0x000000072ac00000, 0x000000072ac00000|100%| O|  |TAMS 0x000000072ac00000, 0x000000072ac00000| Untracked 
|  67|0x000000072ac00000, 0x000000072ae00000, 0x000000072ae00000|100%| O|  |TAMS 0x000000072ae00000, 0x000000072ae00000| Untracked 
|  68|0x000000072ae00000, 0x000000072b000000, 0x000000072b000000|100%| O|  |TAMS 0x000000072ae00000, 0x000000072ae00000| Untracked 
|  69|0x000000072b000000, 0x000000072b200000, 0x000000072b200000|100%| O|  |TAMS 0x000000072b200000, 0x000000072b200000| Untracked 
|  70|0x000000072b200000, 0x000000072b400000, 0x000000072b400000|100%| O|  |TAMS 0x000000072b400000, 0x000000072b400000| Untracked 
|  71|0x000000072b400000, 0x000000072b600000, 0x000000072b600000|100%| O|  |TAMS 0x000000072b600000, 0x000000072b600000| Untracked 
|  72|0x000000072b600000, 0x000000072b800000, 0x000000072b800000|100%| O|  |TAMS 0x000000072b800000, 0x000000072b800000| Untracked 
|  73|0x000000072b800000, 0x000000072ba00000, 0x000000072ba00000|100%| O|  |TAMS 0x000000072ba00000, 0x000000072ba00000| Untracked 
|  74|0x000000072ba00000, 0x000000072bc00000, 0x000000072bc00000|100%| O|  |TAMS 0x000000072bc00000, 0x000000072bc00000| Untracked 
|  75|0x000000072bc00000, 0x000000072be00000, 0x000000072be00000|100%| O|  |TAMS 0x000000072be00000, 0x000000072be00000| Untracked 
|  76|0x000000072be00000, 0x000000072c000000, 0x000000072c000000|100%| O|  |TAMS 0x000000072c000000, 0x000000072c000000| Untracked 
|  77|0x000000072c000000, 0x000000072c200000, 0x000000072c200000|100%| O|  |TAMS 0x000000072c200000, 0x000000072c200000| Untracked 
|  78|0x000000072c200000, 0x000000072c400000, 0x000000072c400000|100%| O|  |TAMS 0x000000072c400000, 0x000000072c400000| Untracked 
|  79|0x000000072c400000, 0x000000072c600000, 0x000000072c600000|100%| O|  |TAMS 0x000000072c600000, 0x000000072c600000| Untracked 
|  80|0x000000072c600000, 0x000000072c800000, 0x000000072c800000|100%| O|  |TAMS 0x000000072c800000, 0x000000072c800000| Untracked 
|  81|0x000000072c800000, 0x000000072ca00000, 0x000000072ca00000|100%| O|  |TAMS 0x000000072ca00000, 0x000000072ca00000| Untracked 
|  82|0x000000072ca00000, 0x000000072cc00000, 0x000000072cc00000|100%| O|  |TAMS 0x000000072cc00000, 0x000000072cc00000| Untracked 
|  83|0x000000072cc00000, 0x000000072ce00000, 0x000000072ce00000|100%| O|  |TAMS 0x000000072ce00000, 0x000000072ce00000| Untracked 
|  84|0x000000072ce00000, 0x000000072d000000, 0x000000072d000000|100%| O|  |TAMS 0x000000072d000000, 0x000000072d000000| Untracked 
|  85|0x000000072d000000, 0x000000072d200000, 0x000000072d200000|100%| O|  |TAMS 0x000000072d200000, 0x000000072d200000| Untracked 
|  86|0x000000072d200000, 0x000000072d400000, 0x000000072d400000|100%| O|  |TAMS 0x000000072d400000, 0x000000072d400000| Untracked 
|  87|0x000000072d400000, 0x000000072d600000, 0x000000072d600000|100%| O|  |TAMS 0x000000072d600000, 0x000000072d600000| Untracked 
|  88|0x000000072d600000, 0x000000072d800000, 0x000000072d800000|100%| O|  |TAMS 0x000000072d800000, 0x000000072d800000| Untracked 
|  89|0x000000072d800000, 0x000000072da00000, 0x000000072da00000|100%| O|  |TAMS 0x000000072da00000, 0x000000072da00000| Untracked 
|  90|0x000000072da00000, 0x000000072dc00000, 0x000000072dc00000|100%| O|  |TAMS 0x000000072dc00000, 0x000000072dc00000| Untracked 
|  91|0x000000072dc00000, 0x000000072de00000, 0x000000072de00000|100%| O|  |TAMS 0x000000072de00000, 0x000000072de00000| Untracked 
|  92|0x000000072de00000, 0x000000072e000000, 0x000000072e000000|100%| O|  |TAMS 0x000000072e000000, 0x000000072e000000| Untracked 
|  93|0x000000072e000000, 0x000000072e200000, 0x000000072e200000|100%| O|  |TAMS 0x000000072e200000, 0x000000072e200000| Untracked 
|  94|0x000000072e200000, 0x000000072e400000, 0x000000072e400000|100%| O|  |TAMS 0x000000072e400000, 0x000000072e400000| Untracked 
|  95|0x000000072e400000, 0x000000072e600000, 0x000000072e600000|100%| O|  |TAMS 0x000000072e600000, 0x000000072e600000| Untracked 
|  96|0x000000072e600000, 0x000000072e800000, 0x000000072e800000|100%| O|  |TAMS 0x000000072e800000, 0x000000072e800000| Untracked 
|  97|0x000000072e800000, 0x000000072ea00000, 0x000000072ea00000|100%| O|  |TAMS 0x000000072ea00000, 0x000000072ea00000| Untracked 
|  98|0x000000072ea00000, 0x000000072ec00000, 0x000000072ec00000|100%| O|  |TAMS 0x000000072ec00000, 0x000000072ec00000| Untracked 
|  99|0x000000072ec00000, 0x000000072ee00000, 0x000000072ee00000|100%| O|  |TAMS 0x000000072ee00000, 0x000000072ee00000| Untracked 
| 100|0x000000072ee00000, 0x000000072f000000, 0x000000072f000000|100%| O|  |TAMS 0x000000072ee00000, 0x000000072f000000| Untracked 
| 101|0x000000072f000000, 0x000000072f200000, 0x000000072f200000|100%| O|  |TAMS 0x000000072f000000, 0x000000072f200000| Untracked 
| 102|0x000000072f200000, 0x000000072f400000, 0x000000072f400000|100%| O|  |TAMS 0x000000072f200000, 0x000000072f400000| Untracked 
| 103|0x000000072f400000, 0x000000072f600000, 0x000000072f600000|100%| O|  |TAMS 0x000000072f400000, 0x000000072f600000| Untracked 
| 104|0x000000072f600000, 0x000000072f800000, 0x000000072f800000|100%| O|  |TAMS 0x000000072f600000, 0x000000072f800000| Untracked 
| 105|0x000000072f800000, 0x000000072fa00000, 0x000000072fa00000|100%| O|  |TAMS 0x000000072f800000, 0x000000072fa00000| Untracked 
| 106|0x000000072fa00000, 0x000000072fc00000, 0x000000072fc00000|100%| O|  |TAMS 0x000000072fa00000, 0x000000072fc00000| Untracked 
| 107|0x000000072fc00000, 0x000000072fe00000, 0x000000072fe00000|100%| O|  |TAMS 0x000000072fc00000, 0x000000072fe00000| Untracked 
| 108|0x000000072fe00000, 0x0000000730000000, 0x0000000730000000|100%| O|  |TAMS 0x0000000730000000, 0x0000000730000000| Untracked 
| 109|0x0000000730000000, 0x0000000730200000, 0x0000000730200000|100%| O|  |TAMS 0x0000000730200000, 0x0000000730200000| Untracked 
| 110|0x0000000730200000, 0x0000000730400000, 0x0000000730400000|100%| O|  |TAMS 0x0000000730400000, 0x0000000730400000| Untracked 
| 111|0x0000000730400000, 0x0000000730600000, 0x0000000730600000|100%| O|  |TAMS 0x0000000730600000, 0x0000000730600000| Untracked 
| 112|0x0000000730600000, 0x0000000730800000, 0x0000000730800000|100%| O|  |TAMS 0x0000000730800000, 0x0000000730800000| Untracked 
| 113|0x0000000730800000, 0x0000000730a00000, 0x0000000730a00000|100%| O|  |TAMS 0x0000000730a00000, 0x0000000730a00000| Untracked 
| 114|0x0000000730a00000, 0x0000000730c00000, 0x0000000730c00000|100%| O|  |TAMS 0x0000000730c00000, 0x0000000730c00000| Untracked 
| 115|0x0000000730c00000, 0x0000000730e00000, 0x0000000730e00000|100%| O|  |TAMS 0x0000000730e00000, 0x0000000730e00000| Untracked 
| 116|0x0000000730e00000, 0x0000000731000000, 0x0000000731000000|100%| O|  |TAMS 0x0000000731000000, 0x0000000731000000| Untracked 
| 117|0x0000000731000000, 0x0000000731200000, 0x0000000731200000|100%| O|  |TAMS 0x0000000731200000, 0x0000000731200000| Untracked 
| 118|0x0000000731200000, 0x0000000731400000, 0x0000000731400000|100%| O|  |TAMS 0x0000000731400000, 0x0000000731400000| Untracked 
| 119|0x0000000731400000, 0x0000000731600000, 0x0000000731600000|100%| O|  |TAMS 0x0000000731600000, 0x0000000731600000| Untracked 
| 120|0x0000000731600000, 0x0000000731800000, 0x0000000731800000|100%| O|  |TAMS 0x0000000731800000, 0x0000000731800000| Untracked 
| 121|0x0000000731800000, 0x0000000731a00000, 0x0000000731a00000|100%| O|  |TAMS 0x0000000731a00000, 0x0000000731a00000| Untracked 
| 122|0x0000000731a00000, 0x0000000731c00000, 0x0000000731c00000|100%| O|  |TAMS 0x0000000731c00000, 0x0000000731c00000| Untracked 
| 123|0x0000000731c00000, 0x0000000731e00000, 0x0000000731e00000|100%| O|  |TAMS 0x0000000731e00000, 0x0000000731e00000| Untracked 
| 124|0x0000000731e00000, 0x0000000732000000, 0x0000000732000000|100%| O|  |TAMS 0x0000000732000000, 0x0000000732000000| Untracked 
| 125|0x0000000732000000, 0x0000000732200000, 0x0000000732200000|100%| O|  |TAMS 0x0000000732200000, 0x0000000732200000| Untracked 
| 126|0x0000000732200000, 0x0000000732400000, 0x0000000732400000|100%| O|  |TAMS 0x0000000732400000, 0x0000000732400000| Untracked 
| 127|0x0000000732400000, 0x0000000732600000, 0x0000000732600000|100%| O|  |TAMS 0x0000000732400000, 0x0000000732600000| Untracked 
| 128|0x0000000732600000, 0x0000000732800000, 0x0000000732800000|100%| O|  |TAMS 0x0000000732600000, 0x0000000732800000| Untracked 
| 129|0x0000000732800000, 0x0000000732a00000, 0x0000000732a00000|100%| O|  |TAMS 0x0000000732a00000, 0x0000000732a00000| Untracked 
| 130|0x0000000732a00000, 0x0000000732c00000, 0x0000000732c00000|100%| O|  |TAMS 0x0000000732c00000, 0x0000000732c00000| Untracked 
| 131|0x0000000732c00000, 0x0000000732e00000, 0x0000000732e00000|100%| O|  |TAMS 0x0000000732e00000, 0x0000000732e00000| Untracked 
| 132|0x0000000732e00000, 0x0000000733000000, 0x0000000733000000|100%| O|  |TAMS 0x0000000733000000, 0x0000000733000000| Untracked 
| 133|0x0000000733000000, 0x0000000733200000, 0x0000000733200000|100%| O|  |TAMS 0x0000000733200000, 0x0000000733200000| Untracked 
| 134|0x0000000733200000, 0x0000000733400000, 0x0000000733400000|100%| O|  |TAMS 0x0000000733400000, 0x0000000733400000| Untracked 
| 135|0x0000000733400000, 0x0000000733600000, 0x0000000733600000|100%| O|  |TAMS 0x0000000733600000, 0x0000000733600000| Untracked 
| 136|0x0000000733600000, 0x0000000733800000, 0x0000000733800000|100%| O|  |TAMS 0x0000000733800000, 0x0000000733800000| Untracked 
| 137|0x0000000733800000, 0x0000000733a00000, 0x0000000733a00000|100%| O|  |TAMS 0x0000000733a00000, 0x0000000733a00000| Untracked 
| 138|0x0000000733a00000, 0x0000000733c00000, 0x0000000733c00000|100%| O|  |TAMS 0x0000000733c00000, 0x0000000733c00000| Untracked 
| 139|0x0000000733c00000, 0x0000000733e00000, 0x0000000733e00000|100%| O|  |TAMS 0x0000000733e00000, 0x0000000733e00000| Untracked 
| 140|0x0000000733e00000, 0x0000000734000000, 0x0000000734000000|100%| O|  |TAMS 0x0000000734000000, 0x0000000734000000| Untracked 
| 141|0x0000000734000000, 0x0000000734200000, 0x0000000734200000|100%| O|  |TAMS 0x0000000734200000, 0x0000000734200000| Untracked 
| 142|0x0000000734200000, 0x0000000734400000, 0x0000000734400000|100%| O|  |TAMS 0x0000000734400000, 0x0000000734400000| Untracked 
| 143|0x0000000734400000, 0x0000000734600000, 0x0000000734600000|100%| O|  |TAMS 0x0000000734600000, 0x0000000734600000| Untracked 
| 144|0x0000000734600000, 0x0000000734800000, 0x0000000734800000|100%| O|  |TAMS 0x0000000734800000, 0x0000000734800000| Untracked 
| 145|0x0000000734800000, 0x0000000734a00000, 0x0000000734a00000|100%| O|  |TAMS 0x0000000734a00000, 0x0000000734a00000| Untracked 
| 146|0x0000000734a00000, 0x0000000734c00000, 0x0000000734c00000|100%| O|  |TAMS 0x0000000734c00000, 0x0000000734c00000| Untracked 
| 147|0x0000000734c00000, 0x0000000734e00000, 0x0000000734e00000|100%| O|  |TAMS 0x0000000734e00000, 0x0000000734e00000| Untracked 
| 148|0x0000000734e00000, 0x0000000735000000, 0x0000000735000000|100%| O|  |TAMS 0x0000000734e00000, 0x0000000735000000| Untracked 
| 149|0x0000000735000000, 0x0000000735200000, 0x0000000735200000|100%| O|  |TAMS 0x0000000735000000, 0x0000000735000000| Untracked 
| 150|0x0000000735200000, 0x0000000735400000, 0x0000000735400000|100%| O|  |TAMS 0x0000000735400000, 0x0000000735400000| Untracked 
| 151|0x0000000735400000, 0x0000000735600000, 0x0000000735600000|100%| O|  |TAMS 0x0000000735600000, 0x0000000735600000| Untracked 
| 152|0x0000000735600000, 0x0000000735800000, 0x0000000735800000|100%| O|  |TAMS 0x0000000735800000, 0x0000000735800000| Untracked 
| 153|0x0000000735800000, 0x0000000735a00000, 0x0000000735a00000|100%| O|  |TAMS 0x0000000735a00000, 0x0000000735a00000| Untracked 
| 154|0x0000000735a00000, 0x0000000735c00000, 0x0000000735c00000|100%| O|  |TAMS 0x0000000735c00000, 0x0000000735c00000| Untracked 
| 155|0x0000000735c00000, 0x0000000735e00000, 0x0000000735e00000|100%| O|  |TAMS 0x0000000735e00000, 0x0000000735e00000| Untracked 
| 156|0x0000000735e00000, 0x0000000736000000, 0x0000000736000000|100%| O|  |TAMS 0x0000000736000000, 0x0000000736000000| Untracked 
| 157|0x0000000736000000, 0x0000000736200000, 0x0000000736200000|100%| O|  |TAMS 0x0000000736200000, 0x0000000736200000| Untracked 
| 158|0x0000000736200000, 0x0000000736400000, 0x0000000736400000|100%| O|  |TAMS 0x0000000736400000, 0x0000000736400000| Untracked 
| 159|0x0000000736400000, 0x0000000736600000, 0x0000000736600000|100%| O|  |TAMS 0x0000000736600000, 0x0000000736600000| Untracked 
| 160|0x0000000736600000, 0x0000000736800000, 0x0000000736800000|100%| O|  |TAMS 0x0000000736800000, 0x0000000736800000| Untracked 
| 161|0x0000000736800000, 0x0000000736a00000, 0x0000000736a00000|100%| O|  |TAMS 0x0000000736a00000, 0x0000000736a00000| Untracked 
| 162|0x0000000736a00000, 0x0000000736c00000, 0x0000000736c00000|100%| O|  |TAMS 0x0000000736c00000, 0x0000000736c00000| Untracked 
| 163|0x0000000736c00000, 0x0000000736e00000, 0x0000000736e00000|100%| O|  |TAMS 0x0000000736e00000, 0x0000000736e00000| Untracked 
| 164|0x0000000736e00000, 0x0000000737000000, 0x0000000737000000|100%| O|  |TAMS 0x0000000737000000, 0x0000000737000000| Untracked 
| 165|0x0000000737000000, 0x0000000737200000, 0x0000000737200000|100%| O|  |TAMS 0x0000000737200000, 0x0000000737200000| Untracked 
| 166|0x0000000737200000, 0x0000000737400000, 0x0000000737400000|100%| O|  |TAMS 0x0000000737400000, 0x0000000737400000| Untracked 
| 167|0x0000000737400000, 0x0000000737600000, 0x0000000737600000|100%| O|  |TAMS 0x0000000737400000, 0x0000000737400000| Untracked 
| 168|0x0000000737600000, 0x0000000737800000, 0x0000000737800000|100%| O|  |TAMS 0x0000000737800000, 0x0000000737800000| Untracked 
| 169|0x0000000737800000, 0x0000000737a00000, 0x0000000737a00000|100%|HS|  |TAMS 0x0000000737a00000, 0x0000000737a00000| Complete 
| 170|0x0000000737a00000, 0x0000000737c00000, 0x0000000737c00000|100%|HC|  |TAMS 0x0000000737c00000, 0x0000000737c00000| Complete 
| 171|0x0000000737c00000, 0x0000000737e00000, 0x0000000737e00000|100%|HC|  |TAMS 0x0000000737e00000, 0x0000000737e00000| Complete 
| 172|0x0000000737e00000, 0x0000000738000000, 0x0000000738000000|100%|HC|  |TAMS 0x0000000738000000, 0x0000000738000000| Complete 
| 173|0x0000000738000000, 0x0000000738200000, 0x0000000738200000|100%|HC|  |TAMS 0x0000000738200000, 0x0000000738200000| Complete 
| 174|0x0000000738200000, 0x0000000738400000, 0x0000000738400000|100%|HC|  |TAMS 0x0000000738400000, 0x0000000738400000| Complete 
| 175|0x0000000738400000, 0x0000000738600000, 0x0000000738600000|100%|HC|  |TAMS 0x0000000738600000, 0x0000000738600000| Complete 
| 176|0x0000000738600000, 0x0000000738800000, 0x0000000738800000|100%|HC|  |TAMS 0x0000000738800000, 0x0000000738800000| Complete 
| 177|0x0000000738800000, 0x0000000738a00000, 0x0000000738a00000|100%|HC|  |TAMS 0x0000000738a00000, 0x0000000738a00000| Complete 
| 178|0x0000000738a00000, 0x0000000738c00000, 0x0000000738c00000|100%|HC|  |TAMS 0x0000000738c00000, 0x0000000738c00000| Complete 
| 179|0x0000000738c00000, 0x0000000738e00000, 0x0000000738e00000|100%|HC|  |TAMS 0x0000000738e00000, 0x0000000738e00000| Complete 
| 180|0x0000000738e00000, 0x0000000739000000, 0x0000000739000000|100%|HC|  |TAMS 0x0000000739000000, 0x0000000739000000| Complete 
| 181|0x0000000739000000, 0x0000000739200000, 0x0000000739200000|100%| O|  |TAMS 0x0000000739200000, 0x0000000739200000| Untracked 
| 182|0x0000000739200000, 0x0000000739400000, 0x0000000739400000|100%| O|  |TAMS 0x0000000739400000, 0x0000000739400000| Untracked 
| 183|0x0000000739400000, 0x0000000739600000, 0x0000000739600000|100%| O|  |TAMS 0x0000000739600000, 0x0000000739600000| Untracked 
| 184|0x0000000739600000, 0x0000000739800000, 0x0000000739800000|100%| O|  |TAMS 0x0000000739800000, 0x0000000739800000| Untracked 
| 185|0x0000000739800000, 0x0000000739a00000, 0x0000000739a00000|100%| O|  |TAMS 0x0000000739a00000, 0x0000000739a00000| Untracked 
| 186|0x0000000739a00000, 0x0000000739c00000, 0x0000000739c00000|100%| O|  |TAMS 0x0000000739c00000, 0x0000000739c00000| Untracked 
| 187|0x0000000739c00000, 0x0000000739e00000, 0x0000000739e00000|100%| O|  |TAMS 0x0000000739e00000, 0x0000000739e00000| Untracked 
| 188|0x0000000739e00000, 0x000000073a000000, 0x000000073a000000|100%| O|  |TAMS 0x000000073a000000, 0x000000073a000000| Untracked 
| 189|0x000000073a000000, 0x000000073a200000, 0x000000073a200000|100%| O|  |TAMS 0x000000073a200000, 0x000000073a200000| Untracked 
| 190|0x000000073a200000, 0x000000073a400000, 0x000000073a400000|100%| O|  |TAMS 0x000000073a400000, 0x000000073a400000| Untracked 
| 191|0x000000073a400000, 0x000000073a600000, 0x000000073a600000|100%| O|  |TAMS 0x000000073a600000, 0x000000073a600000| Untracked 
| 192|0x000000073a600000, 0x000000073a800000, 0x000000073a800000|100%| O|  |TAMS 0x000000073a800000, 0x000000073a800000| Untracked 
| 193|0x000000073a800000, 0x000000073aa00000, 0x000000073aa00000|100%| O|  |TAMS 0x000000073aa00000, 0x000000073aa00000| Untracked 
| 194|0x000000073aa00000, 0x000000073ac00000, 0x000000073ac00000|100%| O|  |TAMS 0x000000073ac00000, 0x000000073ac00000| Untracked 
| 195|0x000000073ac00000, 0x000000073ae00000, 0x000000073ae00000|100%| O|  |TAMS 0x000000073ae00000, 0x000000073ae00000| Untracked 
| 196|0x000000073ae00000, 0x000000073b000000, 0x000000073b000000|100%| O|  |TAMS 0x000000073aea5a00, 0x000000073b000000| Untracked 
| 197|0x000000073b000000, 0x000000073b200000, 0x000000073b200000|100%| O|  |TAMS 0x000000073b000000, 0x000000073b200000| Untracked 
| 198|0x000000073b200000, 0x000000073b400000, 0x000000073b400000|100%| O|  |TAMS 0x000000073b200000, 0x000000073b400000| Untracked 
| 199|0x000000073b400000, 0x000000073b600000, 0x000000073b600000|100%| O|  |TAMS 0x000000073b400000, 0x000000073b600000| Untracked 
| 200|0x000000073b600000, 0x000000073b800000, 0x000000073b800000|100%| O|  |TAMS 0x000000073b600000, 0x000000073b800000| Untracked 
| 201|0x000000073b800000, 0x000000073ba00000, 0x000000073ba00000|100%| O|  |TAMS 0x000000073b800000, 0x000000073ba00000| Untracked 
| 202|0x000000073ba00000, 0x000000073bc00000, 0x000000073bc00000|100%| O|  |TAMS 0x000000073ba00000, 0x000000073bc00000| Untracked 
| 203|0x000000073bc00000, 0x000000073be00000, 0x000000073be00000|100%| O|  |TAMS 0x000000073bc00000, 0x000000073be00000| Untracked 
| 204|0x000000073be00000, 0x000000073c000000, 0x000000073c000000|100%| O|  |TAMS 0x000000073be00000, 0x000000073c000000| Untracked 
| 205|0x000000073c000000, 0x000000073c200000, 0x000000073c200000|100%| O|  |TAMS 0x000000073c000000, 0x000000073c200000| Untracked 
| 206|0x000000073c200000, 0x000000073c400000, 0x000000073c400000|100%| O|  |TAMS 0x000000073c200000, 0x000000073c400000| Untracked 
| 207|0x000000073c400000, 0x000000073c600000, 0x000000073c600000|100%| O|  |TAMS 0x000000073c400000, 0x000000073c600000| Untracked 
| 208|0x000000073c600000, 0x000000073c800000, 0x000000073c800000|100%| O|  |TAMS 0x000000073c600000, 0x000000073c800000| Untracked 
| 209|0x000000073c800000, 0x000000073ca00000, 0x000000073ca00000|100%| O|  |TAMS 0x000000073c800000, 0x000000073ca00000| Untracked 
| 210|0x000000073ca00000, 0x000000073cc00000, 0x000000073cc00000|100%| O|  |TAMS 0x000000073ca00000, 0x000000073cc00000| Untracked 
| 211|0x000000073cc00000, 0x000000073ce00000, 0x000000073ce00000|100%| O|  |TAMS 0x000000073cc00000, 0x000000073ce00000| Untracked 
| 212|0x000000073ce00000, 0x000000073d000000, 0x000000073d000000|100%| O|  |TAMS 0x000000073ce00000, 0x000000073d000000| Untracked 
| 213|0x000000073d000000, 0x000000073d200000, 0x000000073d200000|100%| O|  |TAMS 0x000000073d000000, 0x000000073d200000| Untracked 
| 214|0x000000073d200000, 0x000000073d400000, 0x000000073d400000|100%| O|  |TAMS 0x000000073d200000, 0x000000073d400000| Untracked 
| 215|0x000000073d400000, 0x000000073d600000, 0x000000073d600000|100%| O|  |TAMS 0x000000073d400000, 0x000000073d600000| Untracked 
| 216|0x000000073d600000, 0x000000073d800000, 0x000000073d800000|100%| O|  |TAMS 0x000000073d600000, 0x000000073d800000| Untracked 
| 217|0x000000073d800000, 0x000000073da00000, 0x000000073da00000|100%| O|  |TAMS 0x000000073d800000, 0x000000073da00000| Untracked 
| 218|0x000000073da00000, 0x000000073dc00000, 0x000000073dc00000|100%| O|  |TAMS 0x000000073da00000, 0x000000073dc00000| Untracked 
| 219|0x000000073dc00000, 0x000000073de00000, 0x000000073de00000|100%| O|  |TAMS 0x000000073dc00000, 0x000000073de00000| Untracked 
| 220|0x000000073de00000, 0x000000073e000000, 0x000000073e000000|100%| O|  |TAMS 0x000000073de00000, 0x000000073e000000| Untracked 
| 221|0x000000073e000000, 0x000000073e200000, 0x000000073e200000|100%| O|  |TAMS 0x000000073e000000, 0x000000073e200000| Untracked 
| 222|0x000000073e200000, 0x000000073e400000, 0x000000073e400000|100%| O|  |TAMS 0x000000073e200000, 0x000000073e400000| Untracked 
| 223|0x000000073e400000, 0x000000073e600000, 0x000000073e600000|100%| O|  |TAMS 0x000000073e400000, 0x000000073e5ab000| Untracked 
| 224|0x000000073e600000, 0x000000073e800000, 0x000000073e800000|100%| O|  |TAMS 0x000000073e600000, 0x000000073e600000| Untracked 
| 225|0x000000073e800000, 0x000000073e91ee00, 0x000000073ea00000| 56%| O|  |TAMS 0x000000073e800000, 0x000000073e800000| Untracked 
| 226|0x000000073ea00000, 0x000000073ea00000, 0x000000073ec00000|  0%| F|  |TAMS 0x000000073ea00000, 0x000000073ea00000| Untracked 
| 227|0x000000073ec00000, 0x000000073ec00000, 0x000000073ee00000|  0%| F|  |TAMS 0x000000073ec00000, 0x000000073ec00000| Untracked 
| 228|0x000000073ee00000, 0x000000073ee00000, 0x000000073f000000|  0%| F|  |TAMS 0x000000073ee00000, 0x000000073ee00000| Untracked 
| 229|0x000000073f000000, 0x000000073f000000, 0x000000073f200000|  0%| F|  |TAMS 0x000000073f000000, 0x000000073f000000| Untracked 
| 230|0x000000073f200000, 0x000000073f200000, 0x000000073f400000|  0%| F|  |TAMS 0x000000073f200000, 0x000000073f200000| Untracked 
| 231|0x000000073f400000, 0x000000073f400000, 0x000000073f600000|  0%| F|  |TAMS 0x000000073f400000, 0x000000073f400000| Untracked 
| 232|0x000000073f600000, 0x000000073f600000, 0x000000073f800000|  0%| F|  |TAMS 0x000000073f600000, 0x000000073f600000| Untracked 
| 233|0x000000073f800000, 0x000000073f800000, 0x000000073fa00000|  0%| F|  |TAMS 0x000000073f800000, 0x000000073f800000| Untracked 
| 234|0x000000073fa00000, 0x000000073fa00000, 0x000000073fc00000|  0%| F|  |TAMS 0x000000073fa00000, 0x000000073fa00000| Untracked 
| 235|0x000000073fc00000, 0x000000073fc00000, 0x000000073fe00000|  0%| F|  |TAMS 0x000000073fc00000, 0x000000073fc00000| Untracked 
| 236|0x000000073fe00000, 0x000000073fe00000, 0x0000000740000000|  0%| F|  |TAMS 0x000000073fe00000, 0x000000073fe00000| Untracked 
| 237|0x0000000740000000, 0x0000000740000000, 0x0000000740200000|  0%| F|  |TAMS 0x0000000740000000, 0x0000000740000000| Untracked 
| 238|0x0000000740200000, 0x0000000740200000, 0x0000000740400000|  0%| F|  |TAMS 0x0000000740200000, 0x0000000740200000| Untracked 
| 239|0x0000000740400000, 0x0000000740400000, 0x0000000740600000|  0%| F|  |TAMS 0x0000000740400000, 0x0000000740400000| Untracked 
| 240|0x0000000740600000, 0x0000000740600000, 0x0000000740800000|  0%| F|  |TAMS 0x0000000740600000, 0x0000000740600000| Untracked 
| 241|0x0000000740800000, 0x0000000740800000, 0x0000000740a00000|  0%| F|  |TAMS 0x0000000740800000, 0x0000000740800000| Untracked 
| 242|0x0000000740a00000, 0x0000000740a00000, 0x0000000740c00000|  0%| F|  |TAMS 0x0000000740a00000, 0x0000000740a00000| Untracked 
| 243|0x0000000740c00000, 0x0000000740c00000, 0x0000000740e00000|  0%| F|  |TAMS 0x0000000740c00000, 0x0000000740c00000| Untracked 
| 244|0x0000000740e00000, 0x0000000740e00000, 0x0000000741000000|  0%| F|  |TAMS 0x0000000740e00000, 0x0000000740e00000| Untracked 
| 245|0x0000000741000000, 0x0000000741000000, 0x0000000741200000|  0%| F|  |TAMS 0x0000000741000000, 0x0000000741000000| Untracked 
| 246|0x0000000741200000, 0x0000000741200000, 0x0000000741400000|  0%| F|  |TAMS 0x0000000741200000, 0x0000000741200000| Untracked 
| 247|0x0000000741400000, 0x0000000741400000, 0x0000000741600000|  0%| F|  |TAMS 0x0000000741400000, 0x0000000741400000| Untracked 
| 248|0x0000000741600000, 0x0000000741600000, 0x0000000741800000|  0%| F|  |TAMS 0x0000000741600000, 0x0000000741600000| Untracked 
| 249|0x0000000741800000, 0x0000000741800000, 0x0000000741a00000|  0%| F|  |TAMS 0x0000000741800000, 0x0000000741800000| Untracked 
| 250|0x0000000741a00000, 0x0000000741a00000, 0x0000000741c00000|  0%| F|  |TAMS 0x0000000741a00000, 0x0000000741a00000| Untracked 
| 251|0x0000000741c00000, 0x0000000741c00000, 0x0000000741e00000|  0%| F|  |TAMS 0x0000000741c00000, 0x0000000741c00000| Untracked 
| 252|0x0000000741e00000, 0x0000000741e00000, 0x0000000742000000|  0%| F|  |TAMS 0x0000000741e00000, 0x0000000741e00000| Untracked 
| 253|0x0000000742000000, 0x0000000742000000, 0x0000000742200000|  0%| F|  |TAMS 0x0000000742000000, 0x0000000742000000| Untracked 
| 254|0x0000000742200000, 0x0000000742200000, 0x0000000742400000|  0%| F|  |TAMS 0x0000000742200000, 0x0000000742200000| Untracked 
| 255|0x0000000742400000, 0x0000000742400000, 0x0000000742600000|  0%| F|  |TAMS 0x0000000742400000, 0x0000000742400000| Untracked 
| 256|0x0000000742600000, 0x0000000742600000, 0x0000000742800000|  0%| F|  |TAMS 0x0000000742600000, 0x0000000742600000| Untracked 
| 257|0x0000000742800000, 0x0000000742800000, 0x0000000742a00000|  0%| F|  |TAMS 0x0000000742800000, 0x0000000742800000| Untracked 
| 258|0x0000000742a00000, 0x0000000742a00000, 0x0000000742c00000|  0%| F|  |TAMS 0x0000000742a00000, 0x0000000742a00000| Untracked 
| 259|0x0000000742c00000, 0x0000000742c00000, 0x0000000742e00000|  0%| F|  |TAMS 0x0000000742c00000, 0x0000000742c00000| Untracked 
| 260|0x0000000742e00000, 0x0000000742e00000, 0x0000000743000000|  0%| F|  |TAMS 0x0000000742e00000, 0x0000000742e00000| Untracked 
| 261|0x0000000743000000, 0x0000000743000000, 0x0000000743200000|  0%| F|  |TAMS 0x0000000743000000, 0x0000000743000000| Untracked 
| 262|0x0000000743200000, 0x0000000743200000, 0x0000000743400000|  0%| F|  |TAMS 0x0000000743200000, 0x0000000743200000| Untracked 
| 263|0x0000000743400000, 0x0000000743400000, 0x0000000743600000|  0%| F|  |TAMS 0x0000000743400000, 0x0000000743400000| Untracked 
| 264|0x0000000743600000, 0x0000000743600000, 0x0000000743800000|  0%| F|  |TAMS 0x0000000743600000, 0x0000000743600000| Untracked 
| 265|0x0000000743800000, 0x0000000743800000, 0x0000000743a00000|  0%| F|  |TAMS 0x0000000743800000, 0x0000000743800000| Untracked 
| 266|0x0000000743a00000, 0x0000000743a00000, 0x0000000743c00000|  0%| F|  |TAMS 0x0000000743a00000, 0x0000000743a00000| Untracked 
| 267|0x0000000743c00000, 0x0000000743c00000, 0x0000000743e00000|  0%| F|  |TAMS 0x0000000743c00000, 0x0000000743c00000| Untracked 
| 268|0x0000000743e00000, 0x0000000743e00000, 0x0000000744000000|  0%| F|  |TAMS 0x0000000743e00000, 0x0000000743e00000| Untracked 
| 269|0x0000000744000000, 0x0000000744000000, 0x0000000744200000|  0%| F|  |TAMS 0x0000000744000000, 0x0000000744000000| Untracked 
| 270|0x0000000744200000, 0x0000000744200000, 0x0000000744400000|  0%| F|  |TAMS 0x0000000744200000, 0x0000000744200000| Untracked 
| 271|0x0000000744400000, 0x0000000744400000, 0x0000000744600000|  0%| F|  |TAMS 0x0000000744400000, 0x0000000744400000| Untracked 
| 272|0x0000000744600000, 0x0000000744600000, 0x0000000744800000|  0%| F|  |TAMS 0x0000000744600000, 0x0000000744600000| Untracked 
| 273|0x0000000744800000, 0x0000000744800000, 0x0000000744a00000|  0%| F|  |TAMS 0x0000000744800000, 0x0000000744800000| Untracked 
| 274|0x0000000744a00000, 0x0000000744a00000, 0x0000000744c00000|  0%| F|  |TAMS 0x0000000744a00000, 0x0000000744a00000| Untracked 
| 275|0x0000000744c00000, 0x0000000744c00000, 0x0000000744e00000|  0%| F|  |TAMS 0x0000000744c00000, 0x0000000744c00000| Untracked 
| 276|0x0000000744e00000, 0x0000000744e00000, 0x0000000745000000|  0%| F|  |TAMS 0x0000000744e00000, 0x0000000744e00000| Untracked 
| 277|0x0000000745000000, 0x0000000745000000, 0x0000000745200000|  0%| F|  |TAMS 0x0000000745000000, 0x0000000745000000| Untracked 
| 278|0x0000000745200000, 0x0000000745200000, 0x0000000745400000|  0%| F|  |TAMS 0x0000000745200000, 0x0000000745200000| Untracked 
| 279|0x0000000745400000, 0x0000000745400000, 0x0000000745600000|  0%| F|  |TAMS 0x0000000745400000, 0x0000000745400000| Untracked 
| 280|0x0000000745600000, 0x0000000745800000, 0x0000000745800000|100%| S|CS|TAMS 0x0000000745600000, 0x0000000745600000| Complete 
| 281|0x0000000745800000, 0x0000000745a00000, 0x0000000745a00000|100%| S|CS|TAMS 0x0000000745800000, 0x0000000745800000| Complete 
| 282|0x0000000745a00000, 0x0000000745c00000, 0x0000000745c00000|100%| S|CS|TAMS 0x0000000745a00000, 0x0000000745a00000| Complete 
| 283|0x0000000745c00000, 0x0000000745e00000, 0x0000000745e00000|100%| S|CS|TAMS 0x0000000745c00000, 0x0000000745c00000| Complete 
| 284|0x0000000745e00000, 0x0000000746000000, 0x0000000746000000|100%| S|CS|TAMS 0x0000000745e00000, 0x0000000745e00000| Complete 
| 285|0x0000000746000000, 0x0000000746200000, 0x0000000746200000|100%| S|CS|TAMS 0x0000000746000000, 0x0000000746000000| Complete 
| 286|0x0000000746200000, 0x0000000746400000, 0x0000000746400000|100%| S|CS|TAMS 0x0000000746200000, 0x0000000746200000| Complete 
| 287|0x0000000746400000, 0x0000000746600000, 0x0000000746600000|100%| S|CS|TAMS 0x0000000746400000, 0x0000000746400000| Complete 
| 288|0x0000000746600000, 0x0000000746800000, 0x0000000746800000|100%| S|CS|TAMS 0x0000000746600000, 0x0000000746600000| Complete 
| 289|0x0000000746800000, 0x0000000746a00000, 0x0000000746a00000|100%| S|CS|TAMS 0x0000000746800000, 0x0000000746800000| Complete 
| 290|0x0000000746a00000, 0x0000000746c00000, 0x0000000746c00000|100%| S|CS|TAMS 0x0000000746a00000, 0x0000000746a00000| Complete 
| 291|0x0000000746c00000, 0x0000000746c00000, 0x0000000746e00000|  0%| F|  |TAMS 0x0000000746c00000, 0x0000000746c00000| Untracked 
| 292|0x0000000746e00000, 0x0000000746e00000, 0x0000000747000000|  0%| F|  |TAMS 0x0000000746e00000, 0x0000000746e00000| Untracked 
| 293|0x0000000747000000, 0x0000000747000000, 0x0000000747200000|  0%| F|  |TAMS 0x0000000747000000, 0x0000000747000000| Untracked 
| 294|0x0000000747200000, 0x0000000747200000, 0x0000000747400000|  0%| F|  |TAMS 0x0000000747200000, 0x0000000747200000| Untracked 
| 295|0x0000000747400000, 0x0000000747400000, 0x0000000747600000|  0%| F|  |TAMS 0x0000000747400000, 0x0000000747400000| Untracked 
| 296|0x0000000747600000, 0x0000000747600000, 0x0000000747800000|  0%| F|  |TAMS 0x0000000747600000, 0x0000000747600000| Untracked 
| 297|0x0000000747800000, 0x0000000747800000, 0x0000000747a00000|  0%| F|  |TAMS 0x0000000747800000, 0x0000000747800000| Untracked 
| 298|0x0000000747a00000, 0x0000000747a00000, 0x0000000747c00000|  0%| F|  |TAMS 0x0000000747a00000, 0x0000000747a00000| Untracked 
| 299|0x0000000747c00000, 0x0000000747c00000, 0x0000000747e00000|  0%| F|  |TAMS 0x0000000747c00000, 0x0000000747c00000| Untracked 
| 300|0x0000000747e00000, 0x0000000747e00000, 0x0000000748000000|  0%| F|  |TAMS 0x0000000747e00000, 0x0000000747e00000| Untracked 
| 301|0x0000000748000000, 0x0000000748000000, 0x0000000748200000|  0%| F|  |TAMS 0x0000000748000000, 0x0000000748000000| Untracked 
| 302|0x0000000748200000, 0x0000000748200000, 0x0000000748400000|  0%| F|  |TAMS 0x0000000748200000, 0x0000000748200000| Untracked 
| 303|0x0000000748400000, 0x0000000748400000, 0x0000000748600000|  0%| F|  |TAMS 0x0000000748400000, 0x0000000748400000| Untracked 
| 304|0x0000000748600000, 0x0000000748600000, 0x0000000748800000|  0%| F|  |TAMS 0x0000000748600000, 0x0000000748600000| Untracked 
| 305|0x0000000748800000, 0x0000000748800000, 0x0000000748a00000|  0%| F|  |TAMS 0x0000000748800000, 0x0000000748800000| Untracked 
| 306|0x0000000748a00000, 0x0000000748a00000, 0x0000000748c00000|  0%| F|  |TAMS 0x0000000748a00000, 0x0000000748a00000| Untracked 
| 307|0x0000000748c00000, 0x0000000748c00000, 0x0000000748e00000|  0%| F|  |TAMS 0x0000000748c00000, 0x0000000748c00000| Untracked 
| 308|0x0000000748e00000, 0x0000000748e00000, 0x0000000749000000|  0%| F|  |TAMS 0x0000000748e00000, 0x0000000748e00000| Untracked 
| 309|0x0000000749000000, 0x0000000749000000, 0x0000000749200000|  0%| F|  |TAMS 0x0000000749000000, 0x0000000749000000| Untracked 
| 310|0x0000000749200000, 0x0000000749200000, 0x0000000749400000|  0%| F|  |TAMS 0x0000000749200000, 0x0000000749200000| Untracked 
| 311|0x0000000749400000, 0x0000000749400000, 0x0000000749600000|  0%| F|  |TAMS 0x0000000749400000, 0x0000000749400000| Untracked 
| 312|0x0000000749600000, 0x0000000749600000, 0x0000000749800000|  0%| F|  |TAMS 0x0000000749600000, 0x0000000749600000| Untracked 
| 313|0x0000000749800000, 0x0000000749800000, 0x0000000749a00000|  0%| F|  |TAMS 0x0000000749800000, 0x0000000749800000| Untracked 
| 314|0x0000000749a00000, 0x0000000749a00000, 0x0000000749c00000|  0%| F|  |TAMS 0x0000000749a00000, 0x0000000749a00000| Untracked 
| 315|0x0000000749c00000, 0x0000000749c00000, 0x0000000749e00000|  0%| F|  |TAMS 0x0000000749c00000, 0x0000000749c00000| Untracked 
| 316|0x0000000749e00000, 0x0000000749e00000, 0x000000074a000000|  0%| F|  |TAMS 0x0000000749e00000, 0x0000000749e00000| Untracked 
| 317|0x000000074a000000, 0x000000074a000000, 0x000000074a200000|  0%| F|  |TAMS 0x000000074a000000, 0x000000074a000000| Untracked 
| 318|0x000000074a200000, 0x000000074a200000, 0x000000074a400000|  0%| F|  |TAMS 0x000000074a200000, 0x000000074a200000| Untracked 
| 319|0x000000074a400000, 0x000000074a400000, 0x000000074a600000|  0%| F|  |TAMS 0x000000074a400000, 0x000000074a400000| Untracked 
| 320|0x000000074a600000, 0x000000074a600000, 0x000000074a800000|  0%| F|  |TAMS 0x000000074a600000, 0x000000074a600000| Untracked 
| 321|0x000000074a800000, 0x000000074a800000, 0x000000074aa00000|  0%| F|  |TAMS 0x000000074a800000, 0x000000074a800000| Untracked 
| 322|0x000000074aa00000, 0x000000074aa00000, 0x000000074ac00000|  0%| F|  |TAMS 0x000000074aa00000, 0x000000074aa00000| Untracked 
| 323|0x000000074ac00000, 0x000000074ac00000, 0x000000074ae00000|  0%| F|  |TAMS 0x000000074ac00000, 0x000000074ac00000| Untracked 
| 324|0x000000074ae00000, 0x000000074ae00000, 0x000000074b000000|  0%| F|  |TAMS 0x000000074ae00000, 0x000000074ae00000| Untracked 
| 325|0x000000074b000000, 0x000000074b000000, 0x000000074b200000|  0%| F|  |TAMS 0x000000074b000000, 0x000000074b000000| Untracked 
| 326|0x000000074b200000, 0x000000074b200000, 0x000000074b400000|  0%| F|  |TAMS 0x000000074b200000, 0x000000074b200000| Untracked 
| 327|0x000000074b400000, 0x000000074b400000, 0x000000074b600000|  0%| F|  |TAMS 0x000000074b400000, 0x000000074b400000| Untracked 
| 328|0x000000074b600000, 0x000000074b600000, 0x000000074b800000|  0%| F|  |TAMS 0x000000074b600000, 0x000000074b600000| Untracked 
| 329|0x000000074b800000, 0x000000074b800000, 0x000000074ba00000|  0%| F|  |TAMS 0x000000074b800000, 0x000000074b800000| Untracked 
| 330|0x000000074ba00000, 0x000000074ba00000, 0x000000074bc00000|  0%| F|  |TAMS 0x000000074ba00000, 0x000000074ba00000| Untracked 
| 331|0x000000074bc00000, 0x000000074bc00000, 0x000000074be00000|  0%| F|  |TAMS 0x000000074bc00000, 0x000000074bc00000| Untracked 
| 332|0x000000074be00000, 0x000000074be00000, 0x000000074c000000|  0%| F|  |TAMS 0x000000074be00000, 0x000000074be00000| Untracked 
| 333|0x000000074c000000, 0x000000074c000000, 0x000000074c200000|  0%| F|  |TAMS 0x000000074c000000, 0x000000074c000000| Untracked 
| 334|0x000000074c200000, 0x000000074c200000, 0x000000074c400000|  0%| F|  |TAMS 0x000000074c200000, 0x000000074c200000| Untracked 
| 335|0x000000074c400000, 0x000000074c400000, 0x000000074c600000|  0%| F|  |TAMS 0x000000074c400000, 0x000000074c400000| Untracked 
| 336|0x000000074c600000, 0x000000074c600000, 0x000000074c800000|  0%| F|  |TAMS 0x000000074c600000, 0x000000074c600000| Untracked 
| 337|0x000000074c800000, 0x000000074c800000, 0x000000074ca00000|  0%| F|  |TAMS 0x000000074c800000, 0x000000074c800000| Untracked 
| 338|0x000000074ca00000, 0x000000074ca00000, 0x000000074cc00000|  0%| F|  |TAMS 0x000000074ca00000, 0x000000074ca00000| Untracked 
| 339|0x000000074cc00000, 0x000000074cc00000, 0x000000074ce00000|  0%| F|  |TAMS 0x000000074cc00000, 0x000000074cc00000| Untracked 
| 340|0x000000074ce00000, 0x000000074ce00000, 0x000000074d000000|  0%| F|  |TAMS 0x000000074ce00000, 0x000000074ce00000| Untracked 
| 341|0x000000074d000000, 0x000000074d000000, 0x000000074d200000|  0%| F|  |TAMS 0x000000074d000000, 0x000000074d000000| Untracked 
| 342|0x000000074d200000, 0x000000074d200000, 0x000000074d400000|  0%| F|  |TAMS 0x000000074d200000, 0x000000074d200000| Untracked 
| 343|0x000000074d400000, 0x000000074d400000, 0x000000074d600000|  0%| F|  |TAMS 0x000000074d400000, 0x000000074d400000| Untracked 
| 344|0x000000074d600000, 0x000000074d600000, 0x000000074d800000|  0%| F|  |TAMS 0x000000074d600000, 0x000000074d600000| Untracked 
| 345|0x000000074d800000, 0x000000074d800000, 0x000000074da00000|  0%| F|  |TAMS 0x000000074d800000, 0x000000074d800000| Untracked 
| 346|0x000000074da00000, 0x000000074da00000, 0x000000074dc00000|  0%| F|  |TAMS 0x000000074da00000, 0x000000074da00000| Untracked 
| 347|0x000000074dc00000, 0x000000074dc00000, 0x000000074de00000|  0%| F|  |TAMS 0x000000074dc00000, 0x000000074dc00000| Untracked 
| 348|0x000000074de00000, 0x000000074de00000, 0x000000074e000000|  0%| F|  |TAMS 0x000000074de00000, 0x000000074de00000| Untracked 
| 349|0x000000074e000000, 0x000000074e000000, 0x000000074e200000|  0%| F|  |TAMS 0x000000074e000000, 0x000000074e000000| Untracked 
| 350|0x000000074e200000, 0x000000074e200000, 0x000000074e400000|  0%| F|  |TAMS 0x000000074e200000, 0x000000074e200000| Untracked 
| 351|0x000000074e400000, 0x000000074e400000, 0x000000074e600000|  0%| F|  |TAMS 0x000000074e400000, 0x000000074e400000| Untracked 
| 352|0x000000074e600000, 0x000000074e600000, 0x000000074e800000|  0%| F|  |TAMS 0x000000074e600000, 0x000000074e600000| Untracked 
| 353|0x000000074e800000, 0x000000074e800000, 0x000000074ea00000|  0%| F|  |TAMS 0x000000074e800000, 0x000000074e800000| Untracked 
| 354|0x000000074ea00000, 0x000000074ea00000, 0x000000074ec00000|  0%| F|  |TAMS 0x000000074ea00000, 0x000000074ea00000| Untracked 
| 355|0x000000074ec00000, 0x000000074ec00000, 0x000000074ee00000|  0%| F|  |TAMS 0x000000074ec00000, 0x000000074ec00000| Untracked 
| 356|0x000000074ee00000, 0x000000074ee00000, 0x000000074f000000|  0%| F|  |TAMS 0x000000074ee00000, 0x000000074ee00000| Untracked 
| 357|0x000000074f000000, 0x000000074f000000, 0x000000074f200000|  0%| F|  |TAMS 0x000000074f000000, 0x000000074f000000| Untracked 
| 358|0x000000074f200000, 0x000000074f200000, 0x000000074f400000|  0%| F|  |TAMS 0x000000074f200000, 0x000000074f200000| Untracked 
| 359|0x000000074f400000, 0x000000074f400000, 0x000000074f600000|  0%| F|  |TAMS 0x000000074f400000, 0x000000074f400000| Untracked 
| 360|0x000000074f600000, 0x000000074f600000, 0x000000074f800000|  0%| F|  |TAMS 0x000000074f600000, 0x000000074f600000| Untracked 
| 361|0x000000074f800000, 0x000000074f800000, 0x000000074fa00000|  0%| F|  |TAMS 0x000000074f800000, 0x000000074f800000| Untracked 
| 362|0x000000074fa00000, 0x000000074fa00000, 0x000000074fc00000|  0%| F|  |TAMS 0x000000074fa00000, 0x000000074fa00000| Untracked 
| 363|0x000000074fc00000, 0x000000074fc00000, 0x000000074fe00000|  0%| F|  |TAMS 0x000000074fc00000, 0x000000074fc00000| Untracked 
| 364|0x000000074fe00000, 0x000000074fe00000, 0x0000000750000000|  0%| F|  |TAMS 0x000000074fe00000, 0x000000074fe00000| Untracked 
| 365|0x0000000750000000, 0x0000000750000000, 0x0000000750200000|  0%| F|  |TAMS 0x0000000750000000, 0x0000000750000000| Untracked 
| 366|0x0000000750200000, 0x0000000750200000, 0x0000000750400000|  0%| F|  |TAMS 0x0000000750200000, 0x0000000750200000| Untracked 
| 367|0x0000000750400000, 0x0000000750400000, 0x0000000750600000|  0%| F|  |TAMS 0x0000000750400000, 0x0000000750400000| Untracked 
| 368|0x0000000750600000, 0x0000000750600000, 0x0000000750800000|  0%| F|  |TAMS 0x0000000750600000, 0x0000000750600000| Untracked 
| 369|0x0000000750800000, 0x0000000750800000, 0x0000000750a00000|  0%| F|  |TAMS 0x0000000750800000, 0x0000000750800000| Untracked 
| 370|0x0000000750a00000, 0x0000000750a00000, 0x0000000750c00000|  0%| F|  |TAMS 0x0000000750a00000, 0x0000000750a00000| Untracked 
| 371|0x0000000750c00000, 0x0000000750c00000, 0x0000000750e00000|  0%| F|  |TAMS 0x0000000750c00000, 0x0000000750c00000| Untracked 
| 372|0x0000000750e00000, 0x0000000750e00000, 0x0000000751000000|  0%| F|  |TAMS 0x0000000750e00000, 0x0000000750e00000| Untracked 
| 373|0x0000000751000000, 0x0000000751000000, 0x0000000751200000|  0%| F|  |TAMS 0x0000000751000000, 0x0000000751000000| Untracked 

Card table byte_map: [0x000001cffda10000,0x000001cffe100000] _byte_map_base: 0x000001cffa0fd000

Marking Bits (Prev, Next): (CMBitMap*) 0x000001cffcd58120, (CMBitMap*) 0x000001cffcd58160
 Prev Bits: [0x000001cf96e90000, 0x000001cf9a5f8000)
 Next Bits: [0x000001cf9a600000, 0x000001cf9dd68000)

Polling page: 0x000001cffaca0000

Metaspace:

Usage:
  Non-class:    392.35 KB used.
      Class:     20.20 KB used.
       Both:    412.55 KB used.

Virtual space:
  Non-class space:       64.00 MB reserved,     512.00 KB ( <1%) committed,  1 nodes.
      Class space:        1.00 GB reserved,     128.00 KB ( <1%) committed,  1 nodes.
             Both:        1.06 GB reserved,     640.00 KB ( <1%) committed. 

Chunk freelists:
   Non-Class:  3.91 MB
       Class:  3.72 MB
        Both:  7.64 MB

MaxMetaspaceSize: unlimited
CompressedClassSpaceSize: 1.00 GB
Initial GC threshold: 21.00 MB
Current GC threshold: 21.00 MB
CDS: on
MetaspaceReclaimPolicy: balanced
 - commit_granule_bytes: 65536.
 - commit_granule_words: 8192.
 - virtual_space_node_default_size: 8388608.
 - enlarge_chunks_in_place: 1.
 - new_chunks_are_fully_committed: 0.
 - uncommit_free_chunks: 1.
 - use_allocation_guard: 0.


Internal statistics:

num_allocs_failed_limit: 0.
num_arena_births: 50.
num_arena_deaths: 0.
num_vsnodes_births: 2.
num_vsnodes_deaths: 0.
num_space_committed: 10.
num_space_uncommitted: 0.
num_chunks_returned_to_freelist: 0.
num_chunks_taken_from_freelist: 55.
num_chunk_merges: 0.
num_chunk_splits: 38.
num_chunks_enlarged: 25.
num_inconsistent_stats: 0.

CodeHeap 'non-profiled nmethods': size=120000Kb used=221Kb max_used=221Kb free=119778Kb
 bounds [0x000001cf8f960000, 0x000001cf8fbd0000, 0x000001cf96e90000]
CodeHeap 'profiled nmethods': size=120000Kb used=340Kb max_used=340Kb free=119659Kb
 bounds [0x000001cf87e90000, 0x000001cf88100000, 0x000001cf8f3c0000]
CodeHeap 'non-nmethods': size=5760Kb used=1177Kb max_used=1218Kb free=4582Kb
 bounds [0x000001cf8f3c0000, 0x000001cf8f630000, 0x000001cf8f960000]
 total_blobs=638 nmethods=272 adapters=277
 compilation: enabled
              stopped_count=0, restarted_count=0
 full_count=0

Compilation events (20 events):
Event: 0.416 Thread 0x000001cfff44f8e0 nmethod 267 0x000001cf87ee3990 code [0x000001cf87ee3b80, 0x000001cf87ee4138]
Event: 0.420 Thread 0x000001cfff44f8e0  269       3       java.lang.StringLatin1::inflate (34 bytes)
Event: 0.421 Thread 0x000001cfff44f8e0 nmethod 269 0x000001cf87ee4410 code [0x000001cf87ee45c0, 0x000001cf87ee47b8]
Event: 0.424 Thread 0x000001cfa411d930 nmethod 250 0x000001cf8f987290 code [0x000001cf8f987480, 0x000001cf8f987ee8]
Event: 0.424 Thread 0x000001cfa411d930  268 %     4       Grundy2RecPerdEtGagn::estConnueGagnante @ 11 (57 bytes)
Event: 0.430 Thread 0x000001cfff446ce0 nmethod 252 0x000001cf8f988610 code [0x000001cf8f988800, 0x000001cf8f9891e8]
Event: 0.430 Thread 0x000001cfff446ce0  253       4       java.util.Arrays::sort (32 bytes)
Event: 0.438 Thread 0x000001cfa411d930 nmethod 268% 0x000001cf8f989990 code [0x000001cf8f989b40, 0x000001cf8f989f18]
Event: 0.438 Thread 0x000001cfa411d930  254       4       java.util.ComparableTimSort::sort (219 bytes)
Event: 0.457 Thread 0x000001cfff446ce0 nmethod 253 0x000001cf8f98a210 code [0x000001cf8f98a400, 0x000001cf8f98adc8]
Event: 0.458 Thread 0x000001cfff446ce0  264       4       java.util.Arrays::copyOf (40 bytes)
Event: 0.461 Thread 0x000001cfff446ce0 nmethod 264 0x000001cf8f98b510 code [0x000001cf8f98b6a0, 0x000001cf8f98b8b8]
Event: 0.465 Thread 0x000001cfa411d930 nmethod 254 0x000001cf8f98ba10 code [0x000001cf8f98bc00, 0x000001cf8f98c588]
Event: 0.676 Thread 0x000001cfa411e6d0 nmethod 261 0x000001cf8f98cc10 code [0x000001cf8f98d0e0, 0x000001cf8f993c80]
Event: 1.144 Thread 0x000001cfa411e6d0  270       4       Grundy2RecPerdEtGagn::estConnueGagnante (57 bytes)
Event: 1.151 Thread 0x000001cfff44f8e0  271       3       java.lang.StringConcatHelper::checkOverflow (17 bytes)
Event: 1.152 Thread 0x000001cfff44f8e0 nmethod 271 0x000001cf87ee4910 code [0x000001cf87ee4ac0, 0x000001cf87ee4ca8]
Event: 1.153 Thread 0x000001cfa411e6d0 nmethod 270 0x000001cf8f996f10 code [0x000001cf8f9970c0, 0x000001cf8f997408]
Event: 1.160 Thread 0x000001cfff44f8e0  272       3       java.lang.StringConcatHelper::prepend (37 bytes)
Event: 1.161 Thread 0x000001cfff44f8e0 nmethod 272 0x000001cf87ee4d90 code [0x000001cf87ee4f60, 0x000001cf87ee5238]

GC Heap History (20 events):
Event: 4.809 GC heap after
{Heap after GC invocations=9 (full 0):
 garbage-first heap   total 641024K, used 192052K [0x0000000722600000, 0x0000000800000000)
  region size 2048K, 10 young (20480K), 10 survivors (20480K)
 Metaspace       used 412K, committed 640K, reserved 1114112K
  class space    used 20K, committed 128K, reserved 1048576K
}
Event: 6.347 GC heap before
{Heap before GC invocations=9 (full 0):
 garbage-first heap   total 641024K, used 435764K [0x0000000722600000, 0x0000000800000000)
  region size 2048K, 129 young (264192K), 10 survivors (20480K)
 Metaspace       used 412K, committed 640K, reserved 1114112K
  class space    used 20K, committed 128K, reserved 1048576K
}
Event: 6.397 GC heap after
{Heap after GC invocations=10 (full 0):
 garbage-first heap   total 641024K, used 238627K [0x0000000722600000, 0x0000000800000000)
  region size 2048K, 17 young (34816K), 17 survivors (34816K)
 Metaspace       used 412K, committed 640K, reserved 1114112K
  class space    used 20K, committed 128K, reserved 1048576K
}
Event: 7.614 GC heap before
{Heap before GC invocations=10 (full 0):
 garbage-first heap   total 641024K, used 472099K [0x0000000722600000, 0x0000000800000000)
  region size 2048K, 123 young (251904K), 17 survivors (34816K)
 Metaspace       used 412K, committed 640K, reserved 1114112K
  class space    used 20K, committed 128K, reserved 1048576K
}
Event: 7.673 GC heap after
{Heap after GC invocations=11 (full 0):
 garbage-first heap   total 641024K, used 296644K [0x0000000722600000, 0x0000000800000000)
  region size 2048K, 16 young (32768K), 16 survivors (32768K)
 Metaspace       used 412K, committed 640K, reserved 1114112K
  class space    used 20K, committed 128K, reserved 1048576K
}
Event: 8.873 GC heap before
{Heap before GC invocations=11 (full 0):
 garbage-first heap   total 641024K, used 485060K [0x0000000722600000, 0x0000000800000000)
  region size 2048K, 108 young (221184K), 16 survivors (32768K)
 Metaspace       used 412K, committed 640K, reserved 1114112K
  class space    used 20K, committed 128K, reserved 1048576K
}
Event: 8.920 GC heap after
{Heap after GC invocations=12 (full 0):
 garbage-first heap   total 641024K, used 335316K [0x0000000722600000, 0x0000000800000000)
  region size 2048K, 14 young (28672K), 14 survivors (28672K)
 Metaspace       used 412K, committed 640K, reserved 1114112K
  class space    used 20K, committed 128K, reserved 1048576K
}
Event: 10.210 GC heap before
{Heap before GC invocations=12 (full 0):
 garbage-first heap   total 641024K, used 503252K [0x0000000722600000, 0x0000000800000000)
  region size 2048K, 96 young (196608K), 14 survivors (28672K)
 Metaspace       used 412K, committed 640K, reserved 1114112K
  class space    used 20K, committed 128K, reserved 1048576K
}
Event: 10.246 GC heap after
{Heap after GC invocations=13 (full 0):
 garbage-first heap   total 761856K, used 369409K [0x0000000722600000, 0x0000000800000000)
  region size 2048K, 12 young (24576K), 12 survivors (24576K)
 Metaspace       used 412K, committed 640K, reserved 1114112K
  class space    used 20K, committed 128K, reserved 1048576K
}
Event: 11.872 GC heap before
{Heap before GC invocations=14 (full 0):
 garbage-first heap   total 761856K, used 574209K [0x0000000722600000, 0x0000000800000000)
  region size 2048K, 118 young (241664K), 12 survivors (24576K)
 Metaspace       used 412K, committed 640K, reserved 1114112K
  class space    used 20K, committed 128K, reserved 1048576K
}
Event: 11.933 GC heap after
{Heap after GC invocations=15 (full 0):
 garbage-first heap   total 761856K, used 399360K [0x0000000722600000, 0x0000000800000000)
  region size 2048K, 15 young (30720K), 15 survivors (30720K)
 Metaspace       used 412K, committed 640K, reserved 1114112K
  class space    used 20K, committed 128K, reserved 1048576K
}
Event: 11.974 GC heap before
{Heap before GC invocations=15 (full 0):
 garbage-first heap   total 761856K, used 405504K [0x0000000722600000, 0x0000000800000000)
  region size 2048K, 18 young (36864K), 15 survivors (30720K)
 Metaspace       used 412K, committed 640K, reserved 1114112K
  class space    used 20K, committed 128K, reserved 1048576K
}
Event: 11.995 GC heap after
{Heap after GC invocations=16 (full 0):
 garbage-first heap   total 761856K, used 398562K [0x0000000722600000, 0x0000000800000000)
  region size 2048K, 2 young (4096K), 2 survivors (4096K)
 Metaspace       used 412K, committed 640K, reserved 1114112K
  class space    used 20K, committed 128K, reserved 1048576K
}
Event: 13.314 GC heap before
{Heap before GC invocations=16 (full 0):
 garbage-first heap   total 761856K, used 599266K [0x0000000722600000, 0x0000000800000000)
  region size 2048K, 100 young (204800K), 2 survivors (4096K)
 Metaspace       used 412K, committed 640K, reserved 1114112K
  class space    used 20K, committed 128K, reserved 1048576K
}
Event: 13.340 GC heap after
{Heap after GC invocations=17 (full 0):
 garbage-first heap   total 761856K, used 436128K [0x0000000722600000, 0x0000000800000000)
  region size 2048K, 13 young (26624K), 13 survivors (26624K)
 Metaspace       used 412K, committed 640K, reserved 1114112K
  class space    used 20K, committed 128K, reserved 1048576K
}
Event: 14.797 GC heap before
{Heap before GC invocations=18 (full 0):
 garbage-first heap   total 765952K, used 595872K [0x0000000722600000, 0x0000000800000000)
  region size 2048K, 99 young (202752K), 13 survivors (26624K)
 Metaspace       used 412K, committed 640K, reserved 1114112K
  class space    used 20K, committed 128K, reserved 1048576K
}
Event: 14.834 GC heap after
{Heap after GC invocations=19 (full 0):
 garbage-first heap   total 765952K, used 453566K [0x0000000722600000, 0x0000000800000000)
  region size 2048K, 13 young (26624K), 13 survivors (26624K)
 Metaspace       used 412K, committed 640K, reserved 1114112K
  class space    used 20K, committed 128K, reserved 1048576K
}
Event: 14.961 GC heap before
{Heap before GC invocations=19 (full 0):
 garbage-first heap   total 765952K, used 463806K [0x0000000722600000, 0x0000000800000000)
  region size 2048K, 18 young (36864K), 13 survivors (26624K)
 Metaspace       used 412K, committed 640K, reserved 1114112K
  class space    used 20K, committed 128K, reserved 1048576K
}
Event: 14.977 GC heap after
{Heap after GC invocations=20 (full 0):
 garbage-first heap   total 765952K, used 455334K [0x0000000722600000, 0x0000000800000000)
  region size 2048K, 3 young (6144K), 3 survivors (6144K)
 Metaspace       used 412K, committed 640K, reserved 1114112K
  class space    used 20K, committed 128K, reserved 1048576K
}
Event: 16.162 GC heap before
{Heap before GC invocations=20 (full 0):
 garbage-first heap   total 765952K, used 619174K [0x0000000722600000, 0x0000000800000000)
  region size 2048K, 83 young (169984K), 3 survivors (6144K)
 Metaspace       used 412K, committed 640K, reserved 1114112K
  class space    used 20K, committed 128K, reserved 1048576K
}

Dll operation events (2 events):
Event: 0.011 Loaded shared library D:\EDM115\Programmes\Java\jdk-19\bin\java.dll
Event: 0.030 Loaded shared library D:\EDM115\Programmes\Java\jdk-19\bin\jsvml.dll

Deoptimization events (4 events):
Event: 1.144 Thread 0x000001cffccf18b0 DEOPT PACKING pc=0x000001cf87ee4081 sp=0x000000b61cdff150
Event: 1.144 Thread 0x000001cffccf18b0 DEOPT UNPACKING pc=0x000001cf8f427543 sp=0x000000b61cdfe630 mode 0
Event: 1.152 Thread 0x000001cffccf18b0 DEOPT PACKING pc=0x000001cf87ee4081 sp=0x000000b61cdff150
Event: 1.152 Thread 0x000001cffccf18b0 DEOPT UNPACKING pc=0x000001cf8f427543 sp=0x000000b61cdfe630 mode 0

Classes loaded (18 events):
Event: 0.047 Loading class sun/nio/cs/IBM850
Event: 0.047 Loading class sun/nio/cs/IBM850 done
Event: 0.047 Loading class sun/nio/cs/IBM850$Holder
Event: 0.048 Loading class sun/nio/cs/IBM850$Holder done
Event: 0.084 Loading class jdk/internal/loader/URLClassPath$FileLoader
Event: 0.084 Loading class jdk/internal/loader/URLClassPath$FileLoader done
Event: 0.084 Loading class sun/nio/cs/UTF_8$Decoder
Event: 0.084 Loading class sun/nio/cs/UTF_8$Decoder done
Event: 0.086 Loading class jdk/internal/loader/URLClassPath$FileLoader$1
Event: 0.086 Loading class jdk/internal/loader/URLClassPath$FileLoader$1 done
Event: 0.089 Loading class java/lang/ArrayIndexOutOfBoundsException
Event: 0.089 Loading class java/lang/IndexOutOfBoundsException
Event: 0.089 Loading class java/lang/IndexOutOfBoundsException done
Event: 0.089 Loading class java/lang/ArrayIndexOutOfBoundsException done
Event: 0.113 Loading class java/util/ComparableTimSort
Event: 0.113 Loading class java/util/ComparableTimSort done
Event: 0.397 Loading class java/util/concurrent/locks/AbstractQueuedSynchronizer$ExclusiveNode
Event: 0.398 Loading class java/util/concurrent/locks/AbstractQueuedSynchronizer$ExclusiveNode done

Classes unloaded (0 events):
No events

Classes redefined (0 events):
No events

Internal exceptions (3 events):
Event: 0.099 Thread 0x000001cffccf18b0 Exception <a 'java/lang/NoSuchMethodError'{0x00000007303f9b58}: 'void java.lang.invoke.DirectMethodHandle$Holder.invokeVirtual(java.lang.Object, java.lang.Object)'> (0x00000007303f9b58) 
thrown [s\open\src\hotspot\share\interpreter\linkResolver.cpp, line 774]
Event: 0.105 Thread 0x000001cffccf18b0 Exception <a 'java/lang/NoSuchMethodError'{0x0000000730074d10}: 'void java.lang.invoke.DirectMethodHandle$Holder.invokeSpecial(java.lang.Object, java.lang.Object, java.lang.Object)'> (0x0000000730074d10) 
thrown [s\open\src\hotspot\share\interpreter\linkResolver.cpp, line 774]
Event: 0.139 Thread 0x000001cffccf18b0 Exception <a 'java/lang/NoSuchMethodError'{0x00000007300cdd40}: 'java.lang.Object java.lang.invoke.DirectMethodHandle$Holder.invokeSpecial(java.lang.Object, java.lang.Object, int, long)'> (0x00000007300cdd40) 
thrown [s\open\src\hotspot\share\interpreter\linkResolver.cpp, line 774]

VM Operations (20 events):
Event: 10.246 Executing VM operation: G1CollectForAllocation done
Event: 10.526 Executing VM operation: G1PauseRemark
Event: 10.527 Executing VM operation: G1PauseRemark done
Event: 10.630 Executing VM operation: G1PauseCleanup
Event: 10.630 Executing VM operation: G1PauseCleanup done
Event: 11.872 Executing VM operation: G1CollectForAllocation
Event: 11.933 Executing VM operation: G1CollectForAllocation done
Event: 11.974 Executing VM operation: G1CollectForAllocation
Event: 11.995 Executing VM operation: G1CollectForAllocation done
Event: 13.313 Executing VM operation: G1CollectForAllocation
Event: 13.340 Executing VM operation: G1CollectForAllocation done
Event: 13.657 Executing VM operation: G1PauseRemark
Event: 13.659 Executing VM operation: G1PauseRemark done
Event: 13.819 Executing VM operation: G1PauseCleanup
Event: 13.820 Executing VM operation: G1PauseCleanup done
Event: 14.797 Executing VM operation: G1CollectForAllocation
Event: 14.834 Executing VM operation: G1CollectForAllocation done
Event: 14.961 Executing VM operation: G1CollectForAllocation
Event: 14.977 Executing VM operation: G1CollectForAllocation done
Event: 16.162 Executing VM operation: G1CollectForAllocation

Events (16 events):
Event: 0.030 Thread 0x000001cffccf18b0 Thread added: 0x000001cffccf18b0
Event: 0.050 Thread 0x000001cfff437830 Thread added: 0x000001cfff437830
Event: 0.050 Thread 0x000001cfff438160 Thread added: 0x000001cfff438160
Event: 0.050 Thread 0x000001cfff438dd0 Thread added: 0x000001cfff438dd0
Event: 0.051 Thread 0x000001cfff43d720 Thread added: 0x000001cfff43d720
Event: 0.051 Thread 0x000001cfff440200 Thread added: 0x000001cfff440200
Event: 0.051 Thread 0x000001cfff440cd0 Thread added: 0x000001cfff440cd0
Event: 0.051 Thread 0x000001cfff446ce0 Thread added: 0x000001cfff446ce0
Event: 0.051 Thread 0x000001cfff44f8e0 Thread added: 0x000001cfff44f8e0
Event: 0.051 Thread 0x000001cfff4503f0 Thread added: 0x000001cfff4503f0
Event: 0.080 Thread 0x000001cfa40fa1e0 Thread added: 0x000001cfa40fa1e0
Event: 0.087 Thread 0x000001cfa40fe3c0 Thread added: 0x000001cfa40fe3c0
Event: 0.190 Thread 0x000001cfa411d930 Thread added: 0x000001cfa411d930
Event: 0.220 Thread 0x000001cfa411e6d0 Thread added: 0x000001cfa411e6d0
Event: 6.170 Thread 0x000001cfa411e6d0 Thread exited: 0x000001cfa411e6d0
Event: 11.180 Thread 0x000001cfa411d930 Thread exited: 0x000001cfa411d930


Dynamic libraries:
0x00007ff655810000 - 0x00007ff655820000 	D:\EDM115\Programmes\Java\jdk-19\bin\java.exe
0x00007ff948880000 - 0x00007ff948a89000 	C:\Windows\SYSTEM32\ntdll.dll
0x00007ff946e50000 - 0x00007ff946f0d000 	C:\Windows\System32\KERNEL32.DLL
0x00007ff945d50000 - 0x00007ff9460cd000 	C:\Windows\System32\KERNELBASE.dll
0x00007ff9462c0000 - 0x00007ff9463d1000 	C:\Windows\System32\ucrtbase.dll
0x00007ff9418b0000 - 0x00007ff9418c8000 	D:\EDM115\Programmes\Java\jdk-19\bin\jli.dll
0x00007ff9416b0000 - 0x00007ff9416cb000 	D:\EDM115\Programmes\Java\jdk-19\bin\VCRUNTIME140.dll
0x00007ff9477c0000 - 0x00007ff94786e000 	C:\Windows\System32\ADVAPI32.dll
0x00007ff946f10000 - 0x00007ff946fb3000 	C:\Windows\System32\msvcrt.dll
0x00007ff948690000 - 0x00007ff94872e000 	C:\Windows\System32\sechost.dll
0x00007ff946700000 - 0x00007ff946820000 	C:\Windows\System32\RPCRT4.dll
0x00007ff9475b0000 - 0x00007ff94775d000 	C:\Windows\System32\USER32.dll
0x00007ff92f2b0000 - 0x00007ff92f555000 	C:\Windows\WinSxS\amd64_microsoft.windows.common-controls_6595b64144ccf1df_6.0.22000.120_none_9d947278b86cc467\COMCTL32.dll
0x00007ff946480000 - 0x00007ff9464a6000 	C:\Windows\System32\win32u.dll
0x00007ff946d70000 - 0x00007ff946d99000 	C:\Windows\System32\GDI32.dll
0x00007ff946520000 - 0x00007ff946639000 	C:\Windows\System32\gdi32full.dll
0x00007ff9463e0000 - 0x00007ff94647d000 	C:\Windows\System32\msvcp_win.dll
0x00007ff93ead0000 - 0x00007ff93eada000 	C:\Windows\SYSTEM32\VERSION.dll
0x00007ff946e10000 - 0x00007ff946e41000 	C:\Windows\System32\IMM32.DLL
0x00007ff942d30000 - 0x00007ff942d3c000 	D:\EDM115\Programmes\Java\jdk-19\bin\vcruntime140_1.dll
0x00007ff92fc40000 - 0x00007ff92fcce000 	D:\EDM115\Programmes\Java\jdk-19\bin\msvcp140.dll
0x00007ff919190000 - 0x00007ff919e50000 	D:\EDM115\Programmes\Java\jdk-19\bin\server\jvm.dll
0x00007ff91dfe0000 - 0x00007ff91dfe9000 	C:\Windows\SYSTEM32\WSOCK32.dll
0x00007ff9484e0000 - 0x00007ff94854f000 	C:\Windows\System32\WS2_32.dll
0x00007ff93e720000 - 0x00007ff93e753000 	C:\Windows\SYSTEM32\WINMM.dll
0x00007ff944d90000 - 0x00007ff944da8000 	C:\Windows\SYSTEM32\kernel.appcore.dll
0x00007ff941630000 - 0x00007ff94163a000 	D:\EDM115\Programmes\Java\jdk-19\bin\jimage.dll
0x00007ff943a40000 - 0x00007ff943c61000 	C:\Windows\SYSTEM32\DBGHELP.DLL
0x00007ff91b9c0000 - 0x00007ff91b9f1000 	C:\Windows\SYSTEM32\dbgcore.DLL
0x00007ff946240000 - 0x00007ff9462bf000 	C:\Windows\System32\bcryptPrimitives.dll
0x00007ff934fe0000 - 0x00007ff935006000 	D:\EDM115\Programmes\Java\jdk-19\bin\java.dll
0x00007ff92f730000 - 0x00007ff92f807000 	D:\EDM115\Programmes\Java\jdk-19\bin\jsvml.dll
0x00007ff947990000 - 0x00007ff948148000 	C:\Windows\System32\SHELL32.dll
0x00007ff943e00000 - 0x00007ff944668000 	C:\Windows\SYSTEM32\windows.storage.dll
0x00007ff946820000 - 0x00007ff946b97000 	C:\Windows\System32\combase.dll
0x00007ff943c90000 - 0x00007ff943df6000 	C:\Windows\SYSTEM32\wintypes.dll
0x00007ff947050000 - 0x00007ff94713a000 	C:\Windows\System32\SHCORE.dll
0x00007ff947930000 - 0x00007ff94798d000 	C:\Windows\System32\shlwapi.dll
0x00007ff945c80000 - 0x00007ff945ca1000 	C:\Windows\SYSTEM32\profapi.dll

dbghelp: loaded successfully - version: 4.0.5 - missing functions: none
symbol engine: initialized successfully - sym options: 0x614 - pdb path: .;D:\EDM115\Programmes\Java\jdk-19\bin;C:\Windows\SYSTEM32;C:\Windows\WinSxS\amd64_microsoft.windows.common-controls_6595b64144ccf1df_6.0.22000.120_none_9d947278b86cc467;D:\EDM115\Programmes\Java\jdk-19\bin\server

VM Arguments:
java_command: Start Grundy2RecPerdEtGagn
java_class_path (initial): ..\class
Launcher Type: SUN_STANDARD

[Global flags]
     intx CICompilerCount                          = 4                                         {product} {ergonomic}
     uint ConcGCThreads                            = 3                                         {product} {ergonomic}
     uint G1ConcRefinementThreads                  = 10                                        {product} {ergonomic}
   size_t G1HeapRegionSize                         = 2097152                                   {product} {ergonomic}
    uintx GCDrainStackTargetSize                   = 64                                        {product} {ergonomic}
   size_t InitialHeapSize                          = 232783872                                 {product} {ergonomic}
   size_t MarkStackSize                            = 4194304                                   {product} {ergonomic}
   size_t MaxHeapSize                              = 3718250496                                {product} {ergonomic}
   size_t MaxNewSize                               = 2229272576                                {product} {ergonomic}
   size_t MinHeapDeltaBytes                        = 2097152                                   {product} {ergonomic}
   size_t MinHeapSize                              = 8388608                                   {product} {ergonomic}
    uintx NonNMethodCodeHeapSize                   = 5839372                                {pd product} {ergonomic}
    uintx NonProfiledCodeHeapSize                  = 122909434                              {pd product} {ergonomic}
    uintx ProfiledCodeHeapSize                     = 122909434                              {pd product} {ergonomic}
    uintx ReservedCodeCacheSize                    = 251658240                              {pd product} {ergonomic}
     bool SegmentedCodeCache                       = true                                      {product} {ergonomic}
   size_t SoftMaxHeapSize                          = 3718250496                             {manageable} {ergonomic}
     bool UseCompressedClassPointers               = true                           {product lp64_product} {ergonomic}
     bool UseCompressedOops                        = true                           {product lp64_product} {ergonomic}
     bool UseG1GC                                  = true                                      {product} {ergonomic}
     bool UseLargePagesIndividualAllocation        = false                                  {pd product} {ergonomic}

Logging:
Log output configuration:
 #0: stdout all=warning uptime,level,tags foldmultilines=false
 #1: stderr all=off uptime,level,tags foldmultilines=false

Environment Variables:
JAVA_HOME=D:\EDM115\Programmes\Java\jdk-19
CLASSPATH=..\class
PATH=C:\Program Files\PowerShell\7;C:\Program Files (x86)\Common Files\Intel\Shared Libraries\redist\intel64_win\compiler;D:\EDM115\Programmes\oraclexe\app\oracle\product\11.2.0\server\bin;D:\EDM115\Programmes\Java\jdk-19\bin;C:\Program Files\Common Files\Oracle\Java\javapath;D:\EDM115\Programmes\Python310\Scripts\;D:\EDM115\Programmes\Python310\;C:\Python311\Scripts\;C:\Python311\;C:\Windows\system32;C:\Windows;C:\Windows\System32\Wbem;C:\Windows\System32\WindowsPowerShell\v1.0\;C:\Windows\System32\OpenSSH\;D:\EDM115\Programmes\Microsoft VS Code Insiders\bin;C:\Program Files\dotnet\;D:\EDM115\Programmes\Gpg4win\..\GnuPG\bin;C:\ProgramData\chocolatey\bin;D:\EDM115\Programmes\Go\bin;D:\EDM115\Programmes\hugo;D:\EDM115\Programmes\Git LFS;D:\EDM115\Programmes\GitHub CLI\;D:\EDM115\Programmes\PuTTY\;D:\EDM115\Programmes\Git\cmd;C:\Program Files\PowerShell\7\;C:\Users\EDM115\AppData\Local\Programs\PythonCodingPack\Scripts;C:\Users\EDM115\AppData\Local\Programs\PythonCodingPack;C:\Users\EDM115\AppData\Local\Microsoft\WindowsApps;D:\EDM115\Programmes\JetBrains\IntelliJ IDEA 2022.2.2\bin;C:\Users\EDM115\AppData\Local\GitHubDesktop\bin;C:\Users\EDM115\AppData\Local\gitkraken\bin;C:\Users\EDM115\.dotnet\tools;D:\EDM115\Programmes\heroku\bin;C:\Users\EDM115\go\bin;D:\EDM115\Programmes\mongosh\;C:\Users\EDM115\AppData\Local\spicetify
USERNAME=EDM115
LANG=en_US.UTF-8
OS=Windows_NT
PROCESSOR_IDENTIFIER=AMD64 Family 23 Model 104 Stepping 1, AuthenticAMD
TMP=C:\Users\EDM115\AppData\Local\Temp
TEMP=C:\Users\EDM115\AppData\Local\Temp



---------------  S Y S T E M  ---------------

OS:
 Windows 11 , 64 bit Build 22000 (10.0.22000.708)
OS uptime: 3 days 0:50 hours
Hyper-V role detected

CPU: total 12 (initial active 12) (12 cores per cpu, 2 threads per core) family 23 model 104 stepping 1 microcode 0x0, cx8, cmov, fxsr, ht, mmx, 3dnowpref, sse, sse2, sse3, ssse3, sse4a, sse4.1, sse4.2, popcnt, lzcnt, tsc, tscinvbit, avx, avx2, aes, clmul, bmi1, bmi2, adx, sha, fma, vzeroupper, clflush, clflushopt, hv, rdtscp, rdpid

Memory: 4k page, system-wide physical 14181M (4095M free)
TotalPageFile size 16229M (AvailPageFile size 19M)
current process WorkingSet (physical memory assigned to process): 804M, peak: 804M
current process commit charge ("private bytes"): 1425M, peak: 1434M

vm_info: Java HotSpot(TM) 64-Bit Server VM (19+36-2238) for windows-amd64 JRE (19+36-2238), built on 2022-08-12T20:29:01Z by "mach5one" with MS VC++ 17.1 (VS2022)

END.
